[2022-10-28 00:00:00:5487][main] INFO  o.h.e.t.j.p.i.JtaPlatformInitiator - HHH000490: Using JtaPlatform implementation: [org.hibernate.engine.transaction.jta.platform.internal.NoJtaPlatform]
[2022-10-28 00:00:00:5513][main] INFO  o.s.o.j.LocalContainerEntityManagerFactoryBean - Initialized JPA EntityManagerFactory for persistence unit 'default'
[2022-10-28 00:00:00:6115][main] WARN  o.s.b.a.o.j.JpaBaseConfiguration$JpaWebConfiguration - spring.jpa.open-in-view is enabled by default. Therefore, database queries may be performed during view rendering. Explicitly configure spring.jpa.open-in-view to disable this warning
[2022-10-28 00:00:00:6358][main] INFO  o.s.s.w.DefaultSecurityFilterChain - Will secure any request with [org.springframework.security.web.session.DisableEncodeUrlFilter@2bb717d7, org.springframework.security.web.context.request.async.WebAsyncManagerIntegrationFilter@7afe0e67, org.springframework.security.web.context.SecurityContextPersistenceFilter@2b9aeedb, org.springframework.security.web.header.HeaderWriterFilter@5a85b4e6, org.springframework.security.web.authentication.logout.LogoutFilter@5dfc2a4, org.springframework.security.web.authentication.UsernamePasswordAuthenticationFilter@74b1838, org.springframework.security.web.authentication.www.BasicAuthenticationFilter@64c8fcfb, org.springframework.security.web.savedrequest.RequestCacheAwareFilter@23ea8830, org.springframework.security.web.servletapi.SecurityContextHolderAwareRequestFilter@56d6a1b1, org.springframework.security.web.authentication.AnonymousAuthenticationFilter@6121a7dd, org.springframework.security.web.session.SessionManagementFilter@6b09ce57, org.springframework.security.web.access.ExceptionTranslationFilter@49ced9c7, org.springframework.security.web.access.intercept.FilterSecurityInterceptor@5c5a91b4]
[2022-10-28 00:00:01:6853][main] INFO  o.a.coyote.http11.Http11NioProtocol - Starting ProtocolHandler ["http-nio-8080"]
[2022-10-28 00:00:01:6881][main] INFO  o.s.b.w.e.tomcat.TomcatWebServer - Tomcat started on port(s): 8080 (http) with context path ''
[2022-10-28 00:00:01:6894][main] INFO  project.TadeM.TadeMApplication - Started TadeMApplication in 6.643 seconds (JVM running for 8.117)
[2022-10-28 00:00:24:30029][http-nio-8080-exec-1] INFO  o.a.c.c.C.[Tomcat].[localhost].[/] - Initializing Spring DispatcherServlet 'dispatcherServlet'
[2022-10-28 00:00:24:30030][http-nio-8080-exec-1] INFO  o.s.web.servlet.DispatcherServlet - Initializing Servlet 'dispatcherServlet'
[2022-10-28 00:00:24:30031][http-nio-8080-exec-1] INFO  o.s.web.servlet.DispatcherServlet - Completed initialization in 1 ms
[2022-10-28 00:01:24:90423][http-nio-8080-exec-8] ERROR o.s.s.w.a.UsernamePasswordAuthenticationFilter - An internal error occurred while trying to authenticate the user.
org.springframework.security.authentication.InternalAuthenticationServiceException: 이메일을 활성화 하신 후 이용해주세요.
	at org.springframework.security.authentication.dao.DaoAuthenticationProvider.retrieveUser(DaoAuthenticationProvider.java:108)
	at org.springframework.security.authentication.dao.AbstractUserDetailsAuthenticationProvider.authenticate(AbstractUserDetailsAuthenticationProvider.java:133)
	at org.springframework.security.authentication.ProviderManager.authenticate(ProviderManager.java:182)
	at org.springframework.security.authentication.ProviderManager.authenticate(ProviderManager.java:201)
	at org.springframework.security.web.authentication.UsernamePasswordAuthenticationFilter.attemptAuthentication(UsernamePasswordAuthenticationFilter.java:85)
	at org.springframework.security.web.authentication.AbstractAuthenticationProcessingFilter.doFilter(AbstractAuthenticationProcessingFilter.java:227)
	at org.springframework.security.web.authentication.AbstractAuthenticationProcessingFilter.doFilter(AbstractAuthenticationProcessingFilter.java:217)
	at org.springframework.security.web.FilterChainProxy$VirtualFilterChain.doFilter(FilterChainProxy.java:346)
	at org.springframework.security.web.authentication.logout.LogoutFilter.doFilter(LogoutFilter.java:103)
	at org.springframework.security.web.authentication.logout.LogoutFilter.doFilter(LogoutFilter.java:89)
	at org.springframework.security.web.FilterChainProxy$VirtualFilterChain.doFilter(FilterChainProxy.java:346)
	at org.springframework.security.web.header.HeaderWriterFilter.doHeadersAfter(HeaderWriterFilter.java:90)
	at org.springframework.security.web.header.HeaderWriterFilter.doFilterInternal(HeaderWriterFilter.java:75)
	at org.springframework.web.filter.OncePerRequestFilter.doFilter(OncePerRequestFilter.java:117)
	at org.springframework.security.web.FilterChainProxy$VirtualFilterChain.doFilter(FilterChainProxy.java:346)
	at org.springframework.security.web.context.SecurityContextPersistenceFilter.doFilter(SecurityContextPersistenceFilter.java:112)
	at org.springframework.security.web.context.SecurityContextPersistenceFilter.doFilter(SecurityContextPersistenceFilter.java:82)
	at org.springframework.security.web.FilterChainProxy$VirtualFilterChain.doFilter(FilterChainProxy.java:346)
	at org.springframework.security.web.context.request.async.WebAsyncManagerIntegrationFilter.doFilterInternal(WebAsyncManagerIntegrationFilter.java:55)
	at org.springframework.web.filter.OncePerRequestFilter.doFilter(OncePerRequestFilter.java:117)
	at org.springframework.security.web.FilterChainProxy$VirtualFilterChain.doFilter(FilterChainProxy.java:346)
	at org.springframework.security.web.session.DisableEncodeUrlFilter.doFilterInternal(DisableEncodeUrlFilter.java:42)
	at org.springframework.web.filter.OncePerRequestFilter.doFilter(OncePerRequestFilter.java:117)
	at org.springframework.security.web.FilterChainProxy$VirtualFilterChain.doFilter(FilterChainProxy.java:346)
	at org.springframework.security.web.FilterChainProxy.doFilterInternal(FilterChainProxy.java:221)
	at org.springframework.security.web.FilterChainProxy.doFilter(FilterChainProxy.java:186)
	at org.springframework.web.filter.DelegatingFilterProxy.invokeDelegate(DelegatingFilterProxy.java:354)
	at org.springframework.web.filter.DelegatingFilterProxy.doFilter(DelegatingFilterProxy.java:267)
	at org.apache.catalina.core.ApplicationFilterChain.internalDoFilter(ApplicationFilterChain.java:189)
	at org.apache.catalina.core.ApplicationFilterChain.doFilter(ApplicationFilterChain.java:162)
	at org.springframework.web.filter.RequestContextFilter.doFilterInternal(RequestContextFilter.java:100)
	at org.springframework.web.filter.OncePerRequestFilter.doFilter(OncePerRequestFilter.java:117)
	at org.apache.catalina.core.ApplicationFilterChain.internalDoFilter(ApplicationFilterChain.java:189)
	at org.apache.catalina.core.ApplicationFilterChain.doFilter(ApplicationFilterChain.java:162)
	at org.springframework.web.filter.FormContentFilter.doFilterInternal(FormContentFilter.java:93)
	at org.springframework.web.filter.OncePerRequestFilter.doFilter(OncePerRequestFilter.java:117)
	at org.apache.catalina.core.ApplicationFilterChain.internalDoFilter(ApplicationFilterChain.java:189)
	at org.apache.catalina.core.ApplicationFilterChain.doFilter(ApplicationFilterChain.java:162)
	at org.springframework.web.filter.CharacterEncodingFilter.doFilterInternal(CharacterEncodingFilter.java:201)
	at org.springframework.web.filter.OncePerRequestFilter.doFilter(OncePerRequestFilter.java:117)
	at org.apache.catalina.core.ApplicationFilterChain.internalDoFilter(ApplicationFilterChain.java:189)
	at org.apache.catalina.core.ApplicationFilterChain.doFilter(ApplicationFilterChain.java:162)
	at org.apache.catalina.core.StandardWrapperValve.invoke(StandardWrapperValve.java:197)
	at org.apache.catalina.core.StandardContextValve.invoke(StandardContextValve.java:97)
	at org.apache.catalina.authenticator.AuthenticatorBase.invoke(AuthenticatorBase.java:541)
	at org.apache.catalina.core.StandardHostValve.invoke(StandardHostValve.java:135)
	at org.apache.catalina.valves.ErrorReportValve.invoke(ErrorReportValve.java:92)
	at org.apache.catalina.core.StandardEngineValve.invoke(StandardEngineValve.java:78)
	at org.apache.catalina.connector.CoyoteAdapter.service(CoyoteAdapter.java:360)
	at org.apache.coyote.http11.Http11Processor.service(Http11Processor.java:399)
	at org.apache.coyote.AbstractProcessorLight.process(AbstractProcessorLight.java:65)
	at org.apache.coyote.AbstractProtocol$ConnectionHandler.process(AbstractProtocol.java:890)
	at org.apache.tomcat.util.net.NioEndpoint$SocketProcessor.doRun(NioEndpoint.java:1789)
	at org.apache.tomcat.util.net.SocketProcessorBase.run(SocketProcessorBase.java:49)
	at org.apache.tomcat.util.threads.ThreadPoolExecutor.runWorker(ThreadPoolExecutor.java:1191)
	at org.apache.tomcat.util.threads.ThreadPoolExecutor$Worker.run(ThreadPoolExecutor.java:659)
	at org.apache.tomcat.util.threads.TaskThread$WrappingRunnable.run(TaskThread.java:61)
	at java.lang.Thread.run(Thread.java:750)
Caused by: project.TadeM.Member.exception.BuyerNotEmailAuthException: 이메일을 활성화 하신 후 이용해주세요.
	at project.TadeM.Member.Service.BuyerServiceImpl.loadUserByUsername(BuyerServiceImpl.java:96)
	at org.springframework.security.authentication.dao.DaoAuthenticationProvider.retrieveUser(DaoAuthenticationProvider.java:93)
	... 57 common frames omitted
[2022-10-28 00:01:36:101794][SpringApplicationShutdownHook] INFO  o.s.o.j.LocalContainerEntityManagerFactoryBean - Closing JPA EntityManagerFactory for persistence unit 'default'
[2022-10-28 00:01:36:101800][SpringApplicationShutdownHook] INFO  com.zaxxer.hikari.HikariDataSource - HikariPool-1 - Shutdown initiated...
[2022-10-28 00:01:36:101814][SpringApplicationShutdownHook] INFO  com.zaxxer.hikari.HikariDataSource - HikariPool-1 - Shutdown completed.
[2022-10-28 00:01:44:1357][main] INFO  project.TadeM.TadeMApplication - Starting TadeMApplication using Java 1.8.0_345 on DESKTOP-H1MP2T0 with PID 7036 (C:\dev\eclipse_workspace\TadeM - 구매자로그인_페이지까지 - 복사본 - 복사본\out\production\classes started by ran73 in C:\dev\eclipse_workspace\TadeM - 구매자로그인_페이지까지 - 복사본 - 복사본)
[2022-10-28 00:01:44:1362][main] INFO  project.TadeM.TadeMApplication - No active profile set, falling back to 1 default profile: "default"
[2022-10-28 00:01:45:2516][main] INFO  o.s.d.r.c.RepositoryConfigurationDelegate - Bootstrapping Spring Data JPA repositories in DEFAULT mode.
[2022-10-28 00:01:46:2632][main] INFO  o.s.d.r.c.RepositoryConfigurationDelegate - Finished Spring Data repository scanning in 97 ms. Found 2 JPA repository interfaces.
[2022-10-28 00:01:46:3437][main] INFO  o.s.b.w.e.tomcat.TomcatWebServer - Tomcat initialized with port(s): 8080 (http)
[2022-10-28 00:01:46:3439][main] INFO  o.a.c.core.AprLifecycleListener - Loaded Apache Tomcat Native library [1.2.35] using APR version [1.7.0].
[2022-10-28 00:01:46:3439][main] INFO  o.a.c.core.AprLifecycleListener - APR capabilities: IPv6 [true], sendfile [true], accept filters [false], random [true], UDS [true].
[2022-10-28 00:01:46:3439][main] INFO  o.a.c.core.AprLifecycleListener - APR/OpenSSL configuration: useAprConnector [false], useOpenSSL [true]
[2022-10-28 00:01:46:3447][main] INFO  o.a.c.core.AprLifecycleListener - OpenSSL successfully initialized [OpenSSL 1.1.1q  5 Jul 2022]
[2022-10-28 00:01:46:3460][main] INFO  o.a.coyote.http11.Http11NioProtocol - Initializing ProtocolHandler ["http-nio-8080"]
[2022-10-28 00:01:46:3461][main] INFO  o.a.catalina.core.StandardService - Starting service [Tomcat]
[2022-10-28 00:01:46:3461][main] INFO  o.a.catalina.core.StandardEngine - Starting Servlet engine: [Apache Tomcat/9.0.65]
[2022-10-28 00:01:47:3665][main] INFO  o.a.c.c.C.[Tomcat].[localhost].[/] - Initializing Spring embedded WebApplicationContext
[2022-10-28 00:01:47:3666][main] INFO  o.s.b.w.s.c.ServletWebServerApplicationContext - Root WebApplicationContext: initialization completed in 2237 ms
[2022-10-28 00:01:47:3892][main] INFO  com.zaxxer.hikari.HikariDataSource - HikariPool-1 - Starting...
[2022-10-28 00:01:47:4343][main] INFO  com.zaxxer.hikari.HikariDataSource - HikariPool-1 - Start completed.
[2022-10-28 00:01:47:4435][main] INFO  o.h.jpa.internal.util.LogHelper - HHH000204: Processing PersistenceUnitInfo [name: default]
[2022-10-28 00:01:47:4536][main] INFO  org.hibernate.Version - HHH000412: Hibernate ORM core version 5.6.11.Final
[2022-10-28 00:01:48:4818][main] INFO  o.h.annotations.common.Version - HCANN000001: Hibernate Commons Annotations {5.1.2.Final}
[2022-10-28 00:01:48:4995][main] INFO  org.hibernate.dialect.Dialect - HHH000400: Using dialect: org.hibernate.dialect.MySQL57Dialect
[2022-10-28 00:01:49:6050][main] INFO  o.h.e.t.j.p.i.JtaPlatformInitiator - HHH000490: Using JtaPlatform implementation: [org.hibernate.engine.transaction.jta.platform.internal.NoJtaPlatform]
[2022-10-28 00:01:49:6069][main] INFO  o.s.o.j.LocalContainerEntityManagerFactoryBean - Initialized JPA EntityManagerFactory for persistence unit 'default'
[2022-10-28 00:01:50:6631][main] WARN  o.s.b.a.o.j.JpaBaseConfiguration$JpaWebConfiguration - spring.jpa.open-in-view is enabled by default. Therefore, database queries may be performed during view rendering. Explicitly configure spring.jpa.open-in-view to disable this warning
[2022-10-28 00:01:50:6872][main] INFO  o.s.s.w.DefaultSecurityFilterChain - Will secure any request with [org.springframework.security.web.session.DisableEncodeUrlFilter@6c5747db, org.springframework.security.web.context.request.async.WebAsyncManagerIntegrationFilter@750cd36d, org.springframework.security.web.context.SecurityContextPersistenceFilter@19bfbe28, org.springframework.security.web.header.HeaderWriterFilter@50dc49e1, org.springframework.security.web.authentication.logout.LogoutFilter@5e69cf07, org.springframework.security.web.authentication.UsernamePasswordAuthenticationFilter@426710f0, org.springframework.security.web.authentication.www.BasicAuthenticationFilter@74b1838, org.springframework.security.web.savedrequest.RequestCacheAwareFilter@49ced9c7, org.springframework.security.web.servletapi.SecurityContextHolderAwareRequestFilter@6b09ce57, org.springframework.security.web.authentication.AnonymousAuthenticationFilter@2c8ff67, org.springframework.security.web.session.SessionManagementFilter@3babcaed, org.springframework.security.web.access.ExceptionTranslationFilter@8f39224, org.springframework.security.web.access.intercept.FilterSecurityInterceptor@7cb29ea8]
[2022-10-28 00:01:50:7376][main] INFO  o.a.coyote.http11.Http11NioProtocol - Starting ProtocolHandler ["http-nio-8080"]
[2022-10-28 00:01:50:7399][main] INFO  o.s.b.w.e.tomcat.TomcatWebServer - Tomcat started on port(s): 8080 (http) with context path ''
[2022-10-28 00:01:50:7410][main] INFO  project.TadeM.TadeMApplication - Started TadeMApplication in 6.949 seconds (JVM running for 8.52)
[2022-10-28 00:01:53:10344][http-nio-8080-exec-1] INFO  o.a.c.c.C.[Tomcat].[localhost].[/] - Initializing Spring DispatcherServlet 'dispatcherServlet'
[2022-10-28 00:01:53:10345][http-nio-8080-exec-1] INFO  o.s.web.servlet.DispatcherServlet - Initializing Servlet 'dispatcherServlet'
[2022-10-28 00:01:53:10347][http-nio-8080-exec-1] INFO  o.s.web.servlet.DispatcherServlet - Completed initialization in 2 ms
[2022-10-28 00:01:53:10432][http-nio-8080-exec-1] INFO  p.T.M.Controller.MemberController - 2fc96775-c20f-489f-be98-2886ef61b10e
[2022-10-28 00:02:01:18203][SpringApplicationShutdownHook] INFO  o.s.o.j.LocalContainerEntityManagerFactoryBean - Closing JPA EntityManagerFactory for persistence unit 'default'
[2022-10-28 00:02:01:18207][SpringApplicationShutdownHook] INFO  com.zaxxer.hikari.HikariDataSource - HikariPool-1 - Shutdown initiated...
[2022-10-28 00:02:01:18237][SpringApplicationShutdownHook] INFO  com.zaxxer.hikari.HikariDataSource - HikariPool-1 - Shutdown completed.
[2022-10-28 00:02:10:1082][main] INFO  project.TadeM.TadeMApplication - Starting TadeMApplication using Java 1.8.0_345 on DESKTOP-H1MP2T0 with PID 9348 (C:\dev\eclipse_workspace\TadeM - 구매자로그인_페이지까지 - 복사본 - 복사본\out\production\classes started by ran73 in C:\dev\eclipse_workspace\TadeM - 구매자로그인_페이지까지 - 복사본 - 복사본)
[2022-10-28 00:02:10:1086][main] INFO  project.TadeM.TadeMApplication - No active profile set, falling back to 1 default profile: "default"
[2022-10-28 00:02:11:2042][main] INFO  o.s.d.r.c.RepositoryConfigurationDelegate - Bootstrapping Spring Data JPA repositories in DEFAULT mode.
[2022-10-28 00:02:12:2147][main] INFO  o.s.d.r.c.RepositoryConfigurationDelegate - Finished Spring Data repository scanning in 91 ms. Found 2 JPA repository interfaces.
[2022-10-28 00:02:12:2854][main] INFO  o.s.b.w.e.tomcat.TomcatWebServer - Tomcat initialized with port(s): 8080 (http)
[2022-10-28 00:02:12:2855][main] INFO  o.a.c.core.AprLifecycleListener - Loaded Apache Tomcat Native library [1.2.35] using APR version [1.7.0].
[2022-10-28 00:02:12:2855][main] INFO  o.a.c.core.AprLifecycleListener - APR capabilities: IPv6 [true], sendfile [true], accept filters [false], random [true], UDS [true].
[2022-10-28 00:02:12:2855][main] INFO  o.a.c.core.AprLifecycleListener - APR/OpenSSL configuration: useAprConnector [false], useOpenSSL [true]
[2022-10-28 00:02:12:2861][main] INFO  o.a.c.core.AprLifecycleListener - OpenSSL successfully initialized [OpenSSL 1.1.1q  5 Jul 2022]
[2022-10-28 00:02:12:2872][main] INFO  o.a.coyote.http11.Http11NioProtocol - Initializing ProtocolHandler ["http-nio-8080"]
[2022-10-28 00:02:12:2873][main] INFO  o.a.catalina.core.StandardService - Starting service [Tomcat]
[2022-10-28 00:02:12:2873][main] INFO  o.a.catalina.core.StandardEngine - Starting Servlet engine: [Apache Tomcat/9.0.65]
[2022-10-28 00:02:12:3061][main] INFO  o.a.c.c.C.[Tomcat].[localhost].[/] - Initializing Spring embedded WebApplicationContext
[2022-10-28 00:02:12:3062][main] INFO  o.s.b.w.s.c.ServletWebServerApplicationContext - Root WebApplicationContext: initialization completed in 1920 ms
[2022-10-28 00:02:13:3267][main] INFO  com.zaxxer.hikari.HikariDataSource - HikariPool-1 - Starting...
[2022-10-28 00:02:13:3648][main] INFO  com.zaxxer.hikari.HikariDataSource - HikariPool-1 - Start completed.
[2022-10-28 00:02:13:3722][main] INFO  o.h.jpa.internal.util.LogHelper - HHH000204: Processing PersistenceUnitInfo [name: default]
[2022-10-28 00:02:13:3798][main] INFO  org.hibernate.Version - HHH000412: Hibernate ORM core version 5.6.11.Final
[2022-10-28 00:02:13:4053][main] INFO  o.h.annotations.common.Version - HCANN000001: Hibernate Commons Annotations {5.1.2.Final}
[2022-10-28 00:02:14:4222][main] INFO  org.hibernate.dialect.Dialect - HHH000400: Using dialect: org.hibernate.dialect.MySQL57Dialect
[2022-10-28 00:02:14:5093][main] INFO  o.h.e.t.j.p.i.JtaPlatformInitiator - HHH000490: Using JtaPlatform implementation: [org.hibernate.engine.transaction.jta.platform.internal.NoJtaPlatform]
[2022-10-28 00:02:14:5123][main] INFO  o.s.o.j.LocalContainerEntityManagerFactoryBean - Initialized JPA EntityManagerFactory for persistence unit 'default'
[2022-10-28 00:02:15:5822][main] WARN  o.s.b.a.o.j.JpaBaseConfiguration$JpaWebConfiguration - spring.jpa.open-in-view is enabled by default. Therefore, database queries may be performed during view rendering. Explicitly configure spring.jpa.open-in-view to disable this warning
[2022-10-28 00:02:16:6148][main] INFO  o.s.s.w.DefaultSecurityFilterChain - Will secure any request with [org.springframework.security.web.session.DisableEncodeUrlFilter@2c8ff67, org.springframework.security.web.context.request.async.WebAsyncManagerIntegrationFilter@21733cbe, org.springframework.security.web.context.SecurityContextPersistenceFilter@11c7a0b4, org.springframework.security.web.header.HeaderWriterFilter@2b9e69fb, org.springframework.security.web.authentication.logout.LogoutFilter@3b96f8b0, org.springframework.security.web.authentication.UsernamePasswordAuthenticationFilter@5e37fb82, org.springframework.security.web.authentication.www.BasicAuthenticationFilter@5be51aa, org.springframework.security.web.savedrequest.RequestCacheAwareFilter@653a5967, org.springframework.security.web.servletapi.SecurityContextHolderAwareRequestFilter@63485d7, org.springframework.security.web.authentication.AnonymousAuthenticationFilter@77ccded4, org.springframework.security.web.session.SessionManagementFilter@2c579202, org.springframework.security.web.access.ExceptionTranslationFilter@44aa91e2, org.springframework.security.web.access.intercept.FilterSecurityInterceptor@7e747037]
[2022-10-28 00:02:16:7001][main] INFO  o.a.coyote.http11.Http11NioProtocol - Starting ProtocolHandler ["http-nio-8080"]
[2022-10-28 00:02:16:7028][main] INFO  o.s.b.w.e.tomcat.TomcatWebServer - Tomcat started on port(s): 8080 (http) with context path ''
[2022-10-28 00:02:16:7043][main] INFO  project.TadeM.TadeMApplication - Started TadeMApplication in 6.784 seconds (JVM running for 8.193)
[2022-10-28 00:02:53:44003][http-nio-8080-exec-1] INFO  o.a.c.c.C.[Tomcat].[localhost].[/] - Initializing Spring DispatcherServlet 'dispatcherServlet'
[2022-10-28 00:02:53:44003][http-nio-8080-exec-1] INFO  o.s.web.servlet.DispatcherServlet - Initializing Servlet 'dispatcherServlet'
[2022-10-28 00:02:53:44005][http-nio-8080-exec-1] INFO  o.s.web.servlet.DispatcherServlet - Completed initialization in 2 ms
[2022-10-28 00:22:48:1238163][SpringApplicationShutdownHook] INFO  o.s.o.j.LocalContainerEntityManagerFactoryBean - Closing JPA EntityManagerFactory for persistence unit 'default'
[2022-10-28 00:22:48:1238173][SpringApplicationShutdownHook] INFO  com.zaxxer.hikari.HikariDataSource - HikariPool-1 - Shutdown initiated...
[2022-10-28 00:22:48:1238204][SpringApplicationShutdownHook] INFO  com.zaxxer.hikari.HikariDataSource - HikariPool-1 - Shutdown completed.
[2022-10-28 00:22:59:1294][main] INFO  project.TadeM.TadeMApplication - Starting TadeMApplication using Java 1.8.0_345 on DESKTOP-H1MP2T0 with PID 11044 (C:\dev\eclipse_workspace\TadeM - 구매자로그인_페이지까지 - 복사본 - 복사본\out\production\classes started by ran73 in C:\dev\eclipse_workspace\TadeM - 구매자로그인_페이지까지 - 복사본 - 복사본)
[2022-10-28 00:22:59:1298][main] INFO  project.TadeM.TadeMApplication - No active profile set, falling back to 1 default profile: "default"
[2022-10-28 00:23:00:2354][main] INFO  o.s.d.r.c.RepositoryConfigurationDelegate - Bootstrapping Spring Data JPA repositories in DEFAULT mode.
[2022-10-28 00:23:00:2471][main] INFO  o.s.d.r.c.RepositoryConfigurationDelegate - Finished Spring Data repository scanning in 102 ms. Found 2 JPA repository interfaces.
[2022-10-28 00:23:01:3227][main] INFO  o.s.b.w.e.tomcat.TomcatWebServer - Tomcat initialized with port(s): 8080 (http)
[2022-10-28 00:23:01:3228][main] INFO  o.a.c.core.AprLifecycleListener - Loaded Apache Tomcat Native library [1.2.35] using APR version [1.7.0].
[2022-10-28 00:23:01:3228][main] INFO  o.a.c.core.AprLifecycleListener - APR capabilities: IPv6 [true], sendfile [true], accept filters [false], random [true], UDS [true].
[2022-10-28 00:23:01:3229][main] INFO  o.a.c.core.AprLifecycleListener - APR/OpenSSL configuration: useAprConnector [false], useOpenSSL [true]
[2022-10-28 00:23:01:3235][main] INFO  o.a.c.core.AprLifecycleListener - OpenSSL successfully initialized [OpenSSL 1.1.1q  5 Jul 2022]
[2022-10-28 00:23:01:3246][main] INFO  o.a.coyote.http11.Http11NioProtocol - Initializing ProtocolHandler ["http-nio-8080"]
[2022-10-28 00:23:01:3247][main] INFO  o.a.catalina.core.StandardService - Starting service [Tomcat]
[2022-10-28 00:23:01:3247][main] INFO  o.a.catalina.core.StandardEngine - Starting Servlet engine: [Apache Tomcat/9.0.65]
[2022-10-28 00:23:01:3426][main] INFO  o.a.c.c.C.[Tomcat].[localhost].[/] - Initializing Spring embedded WebApplicationContext
[2022-10-28 00:23:01:3426][main] INFO  o.s.b.w.s.c.ServletWebServerApplicationContext - Root WebApplicationContext: initialization completed in 2047 ms
[2022-10-28 00:23:01:3652][main] INFO  com.zaxxer.hikari.HikariDataSource - HikariPool-1 - Starting...
[2022-10-28 00:23:02:4048][main] INFO  com.zaxxer.hikari.HikariDataSource - HikariPool-1 - Start completed.
[2022-10-28 00:23:02:4133][main] INFO  o.h.jpa.internal.util.LogHelper - HHH000204: Processing PersistenceUnitInfo [name: default]
[2022-10-28 00:23:02:4219][main] INFO  org.hibernate.Version - HHH000412: Hibernate ORM core version 5.6.11.Final
[2022-10-28 00:23:02:4475][main] INFO  o.h.annotations.common.Version - HCANN000001: Hibernate Commons Annotations {5.1.2.Final}
[2022-10-28 00:23:02:4654][main] INFO  org.hibernate.dialect.Dialect - HHH000400: Using dialect: org.hibernate.dialect.MySQL57Dialect
[2022-10-28 00:23:03:5812][main] INFO  o.h.e.t.j.p.i.JtaPlatformInitiator - HHH000490: Using JtaPlatform implementation: [org.hibernate.engine.transaction.jta.platform.internal.NoJtaPlatform]
[2022-10-28 00:23:03:5847][main] INFO  o.s.o.j.LocalContainerEntityManagerFactoryBean - Initialized JPA EntityManagerFactory for persistence unit 'default'
[2022-10-28 00:23:04:6509][main] WARN  o.s.b.a.o.j.JpaBaseConfiguration$JpaWebConfiguration - spring.jpa.open-in-view is enabled by default. Therefore, database queries may be performed during view rendering. Explicitly configure spring.jpa.open-in-view to disable this warning
[2022-10-28 00:23:04:6759][main] INFO  o.s.s.w.DefaultSecurityFilterChain - Will secure any request with [org.springframework.security.web.session.DisableEncodeUrlFilter@3302035b, org.springframework.security.web.context.request.async.WebAsyncManagerIntegrationFilter@6c5747db, org.springframework.security.web.context.SecurityContextPersistenceFilter@19bfbe28, org.springframework.security.web.header.HeaderWriterFilter@50dc49e1, org.springframework.security.web.authentication.logout.LogoutFilter@5e69cf07, org.springframework.security.web.authentication.UsernamePasswordAuthenticationFilter@6b3d9c38, org.springframework.security.web.authentication.www.BasicAuthenticationFilter@634aa81e, org.springframework.security.web.savedrequest.RequestCacheAwareFilter@49ced9c7, org.springframework.security.web.servletapi.SecurityContextHolderAwareRequestFilter@6b09ce57, org.springframework.security.web.authentication.AnonymousAuthenticationFilter@750cd36d, org.springframework.security.web.session.SessionManagementFilter@3babcaed, org.springframework.security.web.access.ExceptionTranslationFilter@8f39224, org.springframework.security.web.access.intercept.FilterSecurityInterceptor@69eb544f]
[2022-10-28 00:23:05:7368][main] INFO  o.a.coyote.http11.Http11NioProtocol - Starting ProtocolHandler ["http-nio-8080"]
[2022-10-28 00:23:05:7400][main] INFO  o.s.b.w.e.tomcat.TomcatWebServer - Tomcat started on port(s): 8080 (http) with context path ''
[2022-10-28 00:23:05:7414][main] INFO  project.TadeM.TadeMApplication - Started TadeMApplication in 7.103 seconds (JVM running for 8.593)
[2022-10-28 00:23:13:15632][http-nio-8080-exec-1] INFO  o.a.c.c.C.[Tomcat].[localhost].[/] - Initializing Spring DispatcherServlet 'dispatcherServlet'
[2022-10-28 00:23:13:15632][http-nio-8080-exec-1] INFO  o.s.web.servlet.DispatcherServlet - Initializing Servlet 'dispatcherServlet'
[2022-10-28 00:23:13:15633][http-nio-8080-exec-1] INFO  o.s.web.servlet.DispatcherServlet - Completed initialization in 1 ms
[2022-10-28 00:24:20:82832][SpringApplicationShutdownHook] INFO  o.s.o.j.LocalContainerEntityManagerFactoryBean - Closing JPA EntityManagerFactory for persistence unit 'default'
[2022-10-28 00:24:20:82839][SpringApplicationShutdownHook] INFO  com.zaxxer.hikari.HikariDataSource - HikariPool-1 - Shutdown initiated...
[2022-10-28 00:24:20:82890][SpringApplicationShutdownHook] INFO  com.zaxxer.hikari.HikariDataSource - HikariPool-1 - Shutdown completed.
[2022-10-28 00:24:25:1067][main] INFO  project.TadeM.TadeMApplication - Starting TadeMApplication using Java 1.8.0_345 on DESKTOP-H1MP2T0 with PID 5140 (C:\dev\eclipse_workspace\TadeM - 구매자로그인_페이지까지 - 복사본 - 복사본\out\production\classes started by ran73 in C:\dev\eclipse_workspace\TadeM - 구매자로그인_페이지까지 - 복사본 - 복사본)
[2022-10-28 00:24:25:1071][main] INFO  project.TadeM.TadeMApplication - No active profile set, falling back to 1 default profile: "default"
[2022-10-28 00:24:26:2019][main] INFO  o.s.d.r.c.RepositoryConfigurationDelegate - Bootstrapping Spring Data JPA repositories in DEFAULT mode.
[2022-10-28 00:24:26:2124][main] INFO  o.s.d.r.c.RepositoryConfigurationDelegate - Finished Spring Data repository scanning in 93 ms. Found 2 JPA repository interfaces.
[2022-10-28 00:24:27:2826][main] INFO  o.s.b.w.e.tomcat.TomcatWebServer - Tomcat initialized with port(s): 8080 (http)
[2022-10-28 00:24:27:2827][main] INFO  o.a.c.core.AprLifecycleListener - Loaded Apache Tomcat Native library [1.2.35] using APR version [1.7.0].
[2022-10-28 00:24:27:2827][main] INFO  o.a.c.core.AprLifecycleListener - APR capabilities: IPv6 [true], sendfile [true], accept filters [false], random [true], UDS [true].
[2022-10-28 00:24:27:2827][main] INFO  o.a.c.core.AprLifecycleListener - APR/OpenSSL configuration: useAprConnector [false], useOpenSSL [true]
[2022-10-28 00:24:27:2834][main] INFO  o.a.c.core.AprLifecycleListener - OpenSSL successfully initialized [OpenSSL 1.1.1q  5 Jul 2022]
[2022-10-28 00:24:27:2844][main] INFO  o.a.coyote.http11.Http11NioProtocol - Initializing ProtocolHandler ["http-nio-8080"]
[2022-10-28 00:24:27:2845][main] INFO  o.a.catalina.core.StandardService - Starting service [Tomcat]
[2022-10-28 00:24:27:2845][main] INFO  o.a.catalina.core.StandardEngine - Starting Servlet engine: [Apache Tomcat/9.0.65]
[2022-10-28 00:24:27:3024][main] INFO  o.a.c.c.C.[Tomcat].[localhost].[/] - Initializing Spring embedded WebApplicationContext
[2022-10-28 00:24:27:3024][main] INFO  o.s.b.w.s.c.ServletWebServerApplicationContext - Root WebApplicationContext: initialization completed in 1895 ms
[2022-10-28 00:24:27:3237][main] INFO  com.zaxxer.hikari.HikariDataSource - HikariPool-1 - Starting...
[2022-10-28 00:24:28:3634][main] INFO  com.zaxxer.hikari.HikariDataSource - HikariPool-1 - Start completed.
[2022-10-28 00:24:28:3707][main] INFO  o.h.jpa.internal.util.LogHelper - HHH000204: Processing PersistenceUnitInfo [name: default]
[2022-10-28 00:24:28:3786][main] INFO  org.hibernate.Version - HHH000412: Hibernate ORM core version 5.6.11.Final
[2022-10-28 00:24:28:4072][main] INFO  o.h.annotations.common.Version - HCANN000001: Hibernate Commons Annotations {5.1.2.Final}
[2022-10-28 00:24:28:4266][main] INFO  org.hibernate.dialect.Dialect - HHH000400: Using dialect: org.hibernate.dialect.MySQL57Dialect
[2022-10-28 00:24:29:5209][main] INFO  o.h.e.t.j.p.i.JtaPlatformInitiator - HHH000490: Using JtaPlatform implementation: [org.hibernate.engine.transaction.jta.platform.internal.NoJtaPlatform]
[2022-10-28 00:24:29:5232][main] INFO  o.s.o.j.LocalContainerEntityManagerFactoryBean - Initialized JPA EntityManagerFactory for persistence unit 'default'
[2022-10-28 00:24:30:6104][main] WARN  o.s.b.a.o.j.JpaBaseConfiguration$JpaWebConfiguration - spring.jpa.open-in-view is enabled by default. Therefore, database queries may be performed during view rendering. Explicitly configure spring.jpa.open-in-view to disable this warning
[2022-10-28 00:24:30:6371][main] INFO  o.s.s.w.DefaultSecurityFilterChain - Will secure any request with [org.springframework.security.web.session.DisableEncodeUrlFilter@7afe0e67, org.springframework.security.web.context.request.async.WebAsyncManagerIntegrationFilter@6121a7dd, org.springframework.security.web.context.SecurityContextPersistenceFilter@63485d7, org.springframework.security.web.header.HeaderWriterFilter@766b6d02, org.springframework.security.web.authentication.logout.LogoutFilter@3120495d, org.springframework.security.web.authentication.UsernamePasswordAuthenticationFilter@52d96367, org.springframework.security.web.authentication.www.BasicAuthenticationFilter@21be14c2, org.springframework.security.web.savedrequest.RequestCacheAwareFilter@59a09be, org.springframework.security.web.servletapi.SecurityContextHolderAwareRequestFilter@1a7163e3, org.springframework.security.web.authentication.AnonymousAuthenticationFilter@31228d83, org.springframework.security.web.session.SessionManagementFilter@5c4f4330, org.springframework.security.web.access.ExceptionTranslationFilter@11c7a0b4, org.springframework.security.web.access.intercept.FilterSecurityInterceptor@5e37fb82]
[2022-10-28 00:24:31:6916][main] INFO  o.a.coyote.http11.Http11NioProtocol - Starting ProtocolHandler ["http-nio-8080"]
[2022-10-28 00:24:31:6946][main] INFO  o.s.b.w.e.tomcat.TomcatWebServer - Tomcat started on port(s): 8080 (http) with context path ''
[2022-10-28 00:24:31:6959][main] INFO  project.TadeM.TadeMApplication - Started TadeMApplication in 6.693 seconds (JVM running for 7.964)
[2022-10-28 00:24:32:7640][http-nio-8080-exec-1] INFO  o.a.c.c.C.[Tomcat].[localhost].[/] - Initializing Spring DispatcherServlet 'dispatcherServlet'
[2022-10-28 00:24:32:7641][http-nio-8080-exec-1] INFO  o.s.web.servlet.DispatcherServlet - Initializing Servlet 'dispatcherServlet'
[2022-10-28 00:24:32:7642][http-nio-8080-exec-1] INFO  o.s.web.servlet.DispatcherServlet - Completed initialization in 1 ms
[2022-10-28 00:26:17:113206][SpringApplicationShutdownHook] INFO  o.s.o.j.LocalContainerEntityManagerFactoryBean - Closing JPA EntityManagerFactory for persistence unit 'default'
[2022-10-28 00:26:17:113211][SpringApplicationShutdownHook] INFO  com.zaxxer.hikari.HikariDataSource - HikariPool-1 - Shutdown initiated...
[2022-10-28 00:26:17:113220][SpringApplicationShutdownHook] INFO  com.zaxxer.hikari.HikariDataSource - HikariPool-1 - Shutdown completed.
[2022-10-28 00:26:23:1207][main] INFO  project.TadeM.TadeMApplication - Starting TadeMApplication using Java 1.8.0_345 on DESKTOP-H1MP2T0 with PID 3356 (C:\dev\eclipse_workspace\TadeM - 구매자로그인_페이지까지 - 복사본 - 복사본\out\production\classes started by ran73 in C:\dev\eclipse_workspace\TadeM - 구매자로그인_페이지까지 - 복사본 - 복사본)
[2022-10-28 00:26:23:1211][main] INFO  project.TadeM.TadeMApplication - No active profile set, falling back to 1 default profile: "default"
[2022-10-28 00:26:24:2232][main] INFO  o.s.d.r.c.RepositoryConfigurationDelegate - Bootstrapping Spring Data JPA repositories in DEFAULT mode.
[2022-10-28 00:26:24:2343][main] INFO  o.s.d.r.c.RepositoryConfigurationDelegate - Finished Spring Data repository scanning in 98 ms. Found 2 JPA repository interfaces.
[2022-10-28 00:26:24:3124][main] INFO  o.s.b.w.e.tomcat.TomcatWebServer - Tomcat initialized with port(s): 8080 (http)
[2022-10-28 00:26:24:3125][main] INFO  o.a.c.core.AprLifecycleListener - Loaded Apache Tomcat Native library [1.2.35] using APR version [1.7.0].
[2022-10-28 00:26:24:3125][main] INFO  o.a.c.core.AprLifecycleListener - APR capabilities: IPv6 [true], sendfile [true], accept filters [false], random [true], UDS [true].
[2022-10-28 00:26:24:3126][main] INFO  o.a.c.core.AprLifecycleListener - APR/OpenSSL configuration: useAprConnector [false], useOpenSSL [true]
[2022-10-28 00:26:24:3132][main] INFO  o.a.c.core.AprLifecycleListener - OpenSSL successfully initialized [OpenSSL 1.1.1q  5 Jul 2022]
[2022-10-28 00:26:24:3144][main] INFO  o.a.coyote.http11.Http11NioProtocol - Initializing ProtocolHandler ["http-nio-8080"]
[2022-10-28 00:26:24:3144][main] INFO  o.a.catalina.core.StandardService - Starting service [Tomcat]
[2022-10-28 00:26:24:3144][main] INFO  o.a.catalina.core.StandardEngine - Starting Servlet engine: [Apache Tomcat/9.0.65]
[2022-10-28 00:26:25:3338][main] INFO  o.a.c.c.C.[Tomcat].[localhost].[/] - Initializing Spring embedded WebApplicationContext
[2022-10-28 00:26:25:3338][main] INFO  o.s.b.w.s.c.ServletWebServerApplicationContext - Root WebApplicationContext: initialization completed in 2065 ms
[2022-10-28 00:26:25:3558][main] INFO  com.zaxxer.hikari.HikariDataSource - HikariPool-1 - Starting...
[2022-10-28 00:26:25:3980][main] INFO  com.zaxxer.hikari.HikariDataSource - HikariPool-1 - Start completed.
[2022-10-28 00:26:25:4066][main] INFO  o.h.jpa.internal.util.LogHelper - HHH000204: Processing PersistenceUnitInfo [name: default]
[2022-10-28 00:26:25:4154][main] INFO  org.hibernate.Version - HHH000412: Hibernate ORM core version 5.6.11.Final
[2022-10-28 00:26:26:4421][main] INFO  o.h.annotations.common.Version - HCANN000001: Hibernate Commons Annotations {5.1.2.Final}
[2022-10-28 00:26:26:4601][main] INFO  org.hibernate.dialect.Dialect - HHH000400: Using dialect: org.hibernate.dialect.MySQL57Dialect
[2022-10-28 00:26:27:5427][main] INFO  o.h.e.t.j.p.i.JtaPlatformInitiator - HHH000490: Using JtaPlatform implementation: [org.hibernate.engine.transaction.jta.platform.internal.NoJtaPlatform]
[2022-10-28 00:26:27:5443][main] INFO  o.s.o.j.LocalContainerEntityManagerFactoryBean - Initialized JPA EntityManagerFactory for persistence unit 'default'
[2022-10-28 00:26:27:5953][main] WARN  o.s.b.a.o.j.JpaBaseConfiguration$JpaWebConfiguration - spring.jpa.open-in-view is enabled by default. Therefore, database queries may be performed during view rendering. Explicitly configure spring.jpa.open-in-view to disable this warning
[2022-10-28 00:26:28:6166][main] INFO  o.s.s.w.DefaultSecurityFilterChain - Will secure any request with [org.springframework.security.web.session.DisableEncodeUrlFilter@83b0d0f, org.springframework.security.web.context.request.async.WebAsyncManagerIntegrationFilter@2bb717d7, org.springframework.security.web.context.SecurityContextPersistenceFilter@5c4f4330, org.springframework.security.web.header.HeaderWriterFilter@653a5967, org.springframework.security.web.authentication.logout.LogoutFilter@4416e18d, org.springframework.security.web.authentication.UsernamePasswordAuthenticationFilter@634aa81e, org.springframework.security.web.authentication.www.BasicAuthenticationFilter@77ccded4, org.springframework.security.web.savedrequest.RequestCacheAwareFilter@63485d7, org.springframework.security.web.servletapi.SecurityContextHolderAwareRequestFilter@796c68bf, org.springframework.security.web.authentication.AnonymousAuthenticationFilter@7afe0e67, org.springframework.security.web.session.SessionManagementFilter@766b6d02, org.springframework.security.web.access.ExceptionTranslationFilter@2c579202, org.springframework.security.web.access.intercept.FilterSecurityInterceptor@426710f0]
[2022-10-28 00:26:28:6604][main] INFO  o.a.coyote.http11.Http11NioProtocol - Starting ProtocolHandler ["http-nio-8080"]
[2022-10-28 00:26:28:6628][main] INFO  o.s.b.w.e.tomcat.TomcatWebServer - Tomcat started on port(s): 8080 (http) with context path ''
[2022-10-28 00:26:28:6638][main] INFO  project.TadeM.TadeMApplication - Started TadeMApplication in 6.301 seconds (JVM running for 7.659)
[2022-10-28 00:26:35:13193][http-nio-8080-exec-1] INFO  o.a.c.c.C.[Tomcat].[localhost].[/] - Initializing Spring DispatcherServlet 'dispatcherServlet'
[2022-10-28 00:26:35:13193][http-nio-8080-exec-1] INFO  o.s.web.servlet.DispatcherServlet - Initializing Servlet 'dispatcherServlet'
[2022-10-28 00:26:35:13198][http-nio-8080-exec-1] INFO  o.s.web.servlet.DispatcherServlet - Completed initialization in 5 ms
[2022-10-28 00:30:02:220535][SpringApplicationShutdownHook] INFO  o.s.o.j.LocalContainerEntityManagerFactoryBean - Closing JPA EntityManagerFactory for persistence unit 'default'
[2022-10-28 00:30:02:220540][SpringApplicationShutdownHook] INFO  com.zaxxer.hikari.HikariDataSource - HikariPool-1 - Shutdown initiated...
[2022-10-28 00:30:02:220555][SpringApplicationShutdownHook] INFO  com.zaxxer.hikari.HikariDataSource - HikariPool-1 - Shutdown completed.
[2022-10-28 00:30:11:1100][main] INFO  project.TadeM.TadeMApplication - Starting TadeMApplication using Java 1.8.0_345 on DESKTOP-H1MP2T0 with PID 11788 (C:\dev\eclipse_workspace\TadeM - 구매자로그인_페이지까지 - 복사본 - 복사본\out\production\classes started by ran73 in C:\dev\eclipse_workspace\TadeM - 구매자로그인_페이지까지 - 복사본 - 복사본)
[2022-10-28 00:30:11:1104][main] INFO  project.TadeM.TadeMApplication - No active profile set, falling back to 1 default profile: "default"
[2022-10-28 00:30:12:2117][main] INFO  o.s.d.r.c.RepositoryConfigurationDelegate - Bootstrapping Spring Data JPA repositories in DEFAULT mode.
[2022-10-28 00:30:12:2228][main] INFO  o.s.d.r.c.RepositoryConfigurationDelegate - Finished Spring Data repository scanning in 96 ms. Found 2 JPA repository interfaces.
[2022-10-28 00:30:13:3015][main] INFO  o.s.b.w.e.tomcat.TomcatWebServer - Tomcat initialized with port(s): 8080 (http)
[2022-10-28 00:30:13:3016][main] INFO  o.a.c.core.AprLifecycleListener - Loaded Apache Tomcat Native library [1.2.35] using APR version [1.7.0].
[2022-10-28 00:30:13:3017][main] INFO  o.a.c.core.AprLifecycleListener - APR capabilities: IPv6 [true], sendfile [true], accept filters [false], random [true], UDS [true].
[2022-10-28 00:30:13:3017][main] INFO  o.a.c.core.AprLifecycleListener - APR/OpenSSL configuration: useAprConnector [false], useOpenSSL [true]
[2022-10-28 00:30:13:3023][main] INFO  o.a.c.core.AprLifecycleListener - OpenSSL successfully initialized [OpenSSL 1.1.1q  5 Jul 2022]
[2022-10-28 00:30:13:3035][main] INFO  o.a.coyote.http11.Http11NioProtocol - Initializing ProtocolHandler ["http-nio-8080"]
[2022-10-28 00:30:13:3036][main] INFO  o.a.catalina.core.StandardService - Starting service [Tomcat]
[2022-10-28 00:30:13:3036][main] INFO  o.a.catalina.core.StandardEngine - Starting Servlet engine: [Apache Tomcat/9.0.65]
[2022-10-28 00:30:13:3227][main] INFO  o.a.c.c.C.[Tomcat].[localhost].[/] - Initializing Spring embedded WebApplicationContext
[2022-10-28 00:30:13:3228][main] INFO  o.s.b.w.s.c.ServletWebServerApplicationContext - Root WebApplicationContext: initialization completed in 2066 ms
[2022-10-28 00:30:13:3456][main] INFO  com.zaxxer.hikari.HikariDataSource - HikariPool-1 - Starting...
[2022-10-28 00:30:13:3882][main] INFO  com.zaxxer.hikari.HikariDataSource - HikariPool-1 - Start completed.
[2022-10-28 00:30:13:3967][main] INFO  o.h.jpa.internal.util.LogHelper - HHH000204: Processing PersistenceUnitInfo [name: default]
[2022-10-28 00:30:14:4062][main] INFO  org.hibernate.Version - HHH000412: Hibernate ORM core version 5.6.11.Final
[2022-10-28 00:30:14:4336][main] INFO  o.h.annotations.common.Version - HCANN000001: Hibernate Commons Annotations {5.1.2.Final}
[2022-10-28 00:30:14:4523][main] INFO  org.hibernate.dialect.Dialect - HHH000400: Using dialect: org.hibernate.dialect.MySQL57Dialect
[2022-10-28 00:30:15:5371][main] INFO  o.h.e.t.j.p.i.JtaPlatformInitiator - HHH000490: Using JtaPlatform implementation: [org.hibernate.engine.transaction.jta.platform.internal.NoJtaPlatform]
[2022-10-28 00:30:15:5388][main] INFO  o.s.o.j.LocalContainerEntityManagerFactoryBean - Initialized JPA EntityManagerFactory for persistence unit 'default'
[2022-10-28 00:30:15:5911][main] WARN  o.s.b.a.o.j.JpaBaseConfiguration$JpaWebConfiguration - spring.jpa.open-in-view is enabled by default. Therefore, database queries may be performed during view rendering. Explicitly configure spring.jpa.open-in-view to disable this warning
[2022-10-28 00:30:16:6119][main] INFO  o.s.s.w.DefaultSecurityFilterChain - Will secure any request with [org.springframework.security.web.session.DisableEncodeUrlFilter@2c8ff67, org.springframework.security.web.context.request.async.WebAsyncManagerIntegrationFilter@21733cbe, org.springframework.security.web.context.SecurityContextPersistenceFilter@75ed125a, org.springframework.security.web.header.HeaderWriterFilter@19bfbe28, org.springframework.security.web.authentication.logout.LogoutFilter@2b170932, org.springframework.security.web.authentication.UsernamePasswordAuthenticationFilter@5e37fb82, org.springframework.security.web.authentication.www.BasicAuthenticationFilter@5be51aa, org.springframework.security.web.savedrequest.RequestCacheAwareFilter@5a85b4e6, org.springframework.security.web.servletapi.SecurityContextHolderAwareRequestFilter@23ea8830, org.springframework.security.web.authentication.AnonymousAuthenticationFilter@77ccded4, org.springframework.security.web.session.SessionManagementFilter@49ced9c7, org.springframework.security.web.access.ExceptionTranslationFilter@50dc49e1, org.springframework.security.web.access.intercept.FilterSecurityInterceptor@7e747037]
[2022-10-28 00:30:16:6564][main] INFO  o.a.coyote.http11.Http11NioProtocol - Starting ProtocolHandler ["http-nio-8080"]
[2022-10-28 00:30:16:6586][main] INFO  o.s.b.w.e.tomcat.TomcatWebServer - Tomcat started on port(s): 8080 (http) with context path ''
[2022-10-28 00:30:16:6597][main] INFO  project.TadeM.TadeMApplication - Started TadeMApplication in 6.338 seconds (JVM running for 7.63)
[2022-10-28 00:30:23:13712][http-nio-8080-exec-1] INFO  o.a.c.c.C.[Tomcat].[localhost].[/] - Initializing Spring DispatcherServlet 'dispatcherServlet'
[2022-10-28 00:30:23:13713][http-nio-8080-exec-1] INFO  o.s.web.servlet.DispatcherServlet - Initializing Servlet 'dispatcherServlet'
[2022-10-28 00:30:23:13713][http-nio-8080-exec-1] INFO  o.s.web.servlet.DispatcherServlet - Completed initialization in 0 ms
[2022-10-28 00:32:12:122892][SpringApplicationShutdownHook] INFO  o.s.o.j.LocalContainerEntityManagerFactoryBean - Closing JPA EntityManagerFactory for persistence unit 'default'
[2022-10-28 00:32:12:122916][SpringApplicationShutdownHook] INFO  com.zaxxer.hikari.HikariDataSource - HikariPool-1 - Shutdown initiated...
[2022-10-28 00:32:12:122932][SpringApplicationShutdownHook] INFO  com.zaxxer.hikari.HikariDataSource - HikariPool-1 - Shutdown completed.
[2022-10-28 00:32:23:1087][main] INFO  project.TadeM.TadeMApplication - Starting TadeMApplication using Java 1.8.0_345 on DESKTOP-H1MP2T0 with PID 8444 (C:\dev\eclipse_workspace\TadeM - 구매자로그인_페이지까지 - 복사본 - 복사본\out\production\classes started by ran73 in C:\dev\eclipse_workspace\TadeM - 구매자로그인_페이지까지 - 복사본 - 복사본)
[2022-10-28 00:32:23:1091][main] INFO  project.TadeM.TadeMApplication - No active profile set, falling back to 1 default profile: "default"
[2022-10-28 00:32:24:2038][main] INFO  o.s.d.r.c.RepositoryConfigurationDelegate - Bootstrapping Spring Data JPA repositories in DEFAULT mode.
[2022-10-28 00:32:24:2140][main] INFO  o.s.d.r.c.RepositoryConfigurationDelegate - Finished Spring Data repository scanning in 89 ms. Found 2 JPA repository interfaces.
[2022-10-28 00:32:25:2850][main] INFO  o.s.b.w.e.tomcat.TomcatWebServer - Tomcat initialized with port(s): 8080 (http)
[2022-10-28 00:32:25:2851][main] INFO  o.a.c.core.AprLifecycleListener - Loaded Apache Tomcat Native library [1.2.35] using APR version [1.7.0].
[2022-10-28 00:32:25:2851][main] INFO  o.a.c.core.AprLifecycleListener - APR capabilities: IPv6 [true], sendfile [true], accept filters [false], random [true], UDS [true].
[2022-10-28 00:32:25:2851][main] INFO  o.a.c.core.AprLifecycleListener - APR/OpenSSL configuration: useAprConnector [false], useOpenSSL [true]
[2022-10-28 00:32:25:2857][main] INFO  o.a.c.core.AprLifecycleListener - OpenSSL successfully initialized [OpenSSL 1.1.1q  5 Jul 2022]
[2022-10-28 00:32:25:2869][main] INFO  o.a.coyote.http11.Http11NioProtocol - Initializing ProtocolHandler ["http-nio-8080"]
[2022-10-28 00:32:25:2870][main] INFO  o.a.catalina.core.StandardService - Starting service [Tomcat]
[2022-10-28 00:32:25:2870][main] INFO  o.a.catalina.core.StandardEngine - Starting Servlet engine: [Apache Tomcat/9.0.65]
[2022-10-28 00:32:25:3048][main] INFO  o.a.c.c.C.[Tomcat].[localhost].[/] - Initializing Spring embedded WebApplicationContext
[2022-10-28 00:32:25:3048][main] INFO  o.s.b.w.s.c.ServletWebServerApplicationContext - Root WebApplicationContext: initialization completed in 1902 ms
[2022-10-28 00:32:25:3258][main] INFO  com.zaxxer.hikari.HikariDataSource - HikariPool-1 - Starting...
[2022-10-28 00:32:25:3636][main] INFO  com.zaxxer.hikari.HikariDataSource - HikariPool-1 - Start completed.
[2022-10-28 00:32:25:3706][main] INFO  o.h.jpa.internal.util.LogHelper - HHH000204: Processing PersistenceUnitInfo [name: default]
[2022-10-28 00:32:25:3777][main] INFO  org.hibernate.Version - HHH000412: Hibernate ORM core version 5.6.11.Final
[2022-10-28 00:32:26:4030][main] INFO  o.h.annotations.common.Version - HCANN000001: Hibernate Commons Annotations {5.1.2.Final}
[2022-10-28 00:32:26:4195][main] INFO  org.hibernate.dialect.Dialect - HHH000400: Using dialect: org.hibernate.dialect.MySQL57Dialect
[2022-10-28 00:32:27:4997][main] INFO  o.h.e.t.j.p.i.JtaPlatformInitiator - HHH000490: Using JtaPlatform implementation: [org.hibernate.engine.transaction.jta.platform.internal.NoJtaPlatform]
[2022-10-28 00:32:27:5014][main] INFO  o.s.o.j.LocalContainerEntityManagerFactoryBean - Initialized JPA EntityManagerFactory for persistence unit 'default'
[2022-10-28 00:32:27:5551][main] WARN  o.s.b.a.o.j.JpaBaseConfiguration$JpaWebConfiguration - spring.jpa.open-in-view is enabled by default. Therefore, database queries may be performed during view rendering. Explicitly configure spring.jpa.open-in-view to disable this warning
[2022-10-28 00:32:27:5758][main] INFO  o.s.s.w.DefaultSecurityFilterChain - Will secure any request with [org.springframework.security.web.session.DisableEncodeUrlFilter@19105a87, org.springframework.security.web.context.request.async.WebAsyncManagerIntegrationFilter@83b0d0f, org.springframework.security.web.context.SecurityContextPersistenceFilter@6b09ce57, org.springframework.security.web.header.HeaderWriterFilter@75ed125a, org.springframework.security.web.authentication.logout.LogoutFilter@5d829ef0, org.springframework.security.web.authentication.UsernamePasswordAuthenticationFilter@70f4f89e, org.springframework.security.web.authentication.www.BasicAuthenticationFilter@21733cbe, org.springframework.security.web.savedrequest.RequestCacheAwareFilter@2b9aeedb, org.springframework.security.web.servletapi.SecurityContextHolderAwareRequestFilter@2cee5365, org.springframework.security.web.authentication.AnonymousAuthenticationFilter@2bb717d7, org.springframework.security.web.session.SessionManagementFilter@5a85b4e6, org.springframework.security.web.access.ExceptionTranslationFilter@19bfbe28, org.springframework.security.web.access.intercept.FilterSecurityInterceptor@6b3d9c38]
[2022-10-28 00:32:28:6191][main] INFO  o.a.coyote.http11.Http11NioProtocol - Starting ProtocolHandler ["http-nio-8080"]
[2022-10-28 00:32:28:6214][main] INFO  o.s.b.w.e.tomcat.TomcatWebServer - Tomcat started on port(s): 8080 (http) with context path ''
[2022-10-28 00:32:28:6225][main] INFO  project.TadeM.TadeMApplication - Started TadeMApplication in 5.917 seconds (JVM running for 7.291)
[2022-10-28 00:32:34:11898][http-nio-8080-exec-1] INFO  o.a.c.c.C.[Tomcat].[localhost].[/] - Initializing Spring DispatcherServlet 'dispatcherServlet'
[2022-10-28 00:32:34:11899][http-nio-8080-exec-1] INFO  o.s.web.servlet.DispatcherServlet - Initializing Servlet 'dispatcherServlet'
[2022-10-28 00:32:34:11901][http-nio-8080-exec-1] INFO  o.s.web.servlet.DispatcherServlet - Completed initialization in 2 ms
[2022-10-28 00:33:01:39478][SpringApplicationShutdownHook] INFO  o.s.o.j.LocalContainerEntityManagerFactoryBean - Closing JPA EntityManagerFactory for persistence unit 'default'
[2022-10-28 00:33:01:39482][SpringApplicationShutdownHook] INFO  com.zaxxer.hikari.HikariDataSource - HikariPool-1 - Shutdown initiated...
[2022-10-28 00:33:01:39494][SpringApplicationShutdownHook] INFO  com.zaxxer.hikari.HikariDataSource - HikariPool-1 - Shutdown completed.
[2022-10-28 00:33:10:1230][main] INFO  project.TadeM.TadeMApplication - Starting TadeMApplication using Java 1.8.0_345 on DESKTOP-H1MP2T0 with PID 7240 (C:\dev\eclipse_workspace\TadeM - 구매자로그인_페이지까지 - 복사본 - 복사본\out\production\classes started by ran73 in C:\dev\eclipse_workspace\TadeM - 구매자로그인_페이지까지 - 복사본 - 복사본)
[2022-10-28 00:33:10:1234][main] INFO  project.TadeM.TadeMApplication - No active profile set, falling back to 1 default profile: "default"
[2022-10-28 00:33:11:2435][main] INFO  o.s.d.r.c.RepositoryConfigurationDelegate - Bootstrapping Spring Data JPA repositories in DEFAULT mode.
[2022-10-28 00:33:11:2658][main] INFO  o.s.d.r.c.RepositoryConfigurationDelegate - Finished Spring Data repository scanning in 189 ms. Found 2 JPA repository interfaces.
[2022-10-28 00:33:12:3770][main] INFO  o.s.b.w.e.tomcat.TomcatWebServer - Tomcat initialized with port(s): 8080 (http)
[2022-10-28 00:33:12:3771][main] INFO  o.a.c.core.AprLifecycleListener - Loaded Apache Tomcat Native library [1.2.35] using APR version [1.7.0].
[2022-10-28 00:33:12:3772][main] INFO  o.a.c.core.AprLifecycleListener - APR capabilities: IPv6 [true], sendfile [true], accept filters [false], random [true], UDS [true].
[2022-10-28 00:33:12:3772][main] INFO  o.a.c.core.AprLifecycleListener - APR/OpenSSL configuration: useAprConnector [false], useOpenSSL [true]
[2022-10-28 00:33:12:3780][main] INFO  o.a.c.core.AprLifecycleListener - OpenSSL successfully initialized [OpenSSL 1.1.1q  5 Jul 2022]
[2022-10-28 00:33:12:3792][main] INFO  o.a.coyote.http11.Http11NioProtocol - Initializing ProtocolHandler ["http-nio-8080"]
[2022-10-28 00:33:12:3793][main] INFO  o.a.catalina.core.StandardService - Starting service [Tomcat]
[2022-10-28 00:33:12:3793][main] INFO  o.a.catalina.core.StandardEngine - Starting Servlet engine: [Apache Tomcat/9.0.65]
[2022-10-28 00:33:12:3992][main] INFO  o.a.c.c.C.[Tomcat].[localhost].[/] - Initializing Spring embedded WebApplicationContext
[2022-10-28 00:33:12:3992][main] INFO  o.s.b.w.s.c.ServletWebServerApplicationContext - Root WebApplicationContext: initialization completed in 2696 ms
[2022-10-28 00:33:12:4217][main] INFO  com.zaxxer.hikari.HikariDataSource - HikariPool-1 - Starting...
[2022-10-28 00:33:13:4728][main] INFO  com.zaxxer.hikari.HikariDataSource - HikariPool-1 - Start completed.
[2022-10-28 00:33:13:4805][main] INFO  o.h.jpa.internal.util.LogHelper - HHH000204: Processing PersistenceUnitInfo [name: default]
[2022-10-28 00:33:13:4887][main] INFO  org.hibernate.Version - HHH000412: Hibernate ORM core version 5.6.11.Final
[2022-10-28 00:33:13:5139][main] INFO  o.h.annotations.common.Version - HCANN000001: Hibernate Commons Annotations {5.1.2.Final}
[2022-10-28 00:33:14:5313][main] INFO  org.hibernate.dialect.Dialect - HHH000400: Using dialect: org.hibernate.dialect.MySQL57Dialect
[2022-10-28 00:33:15:6243][main] INFO  o.h.e.t.j.p.i.JtaPlatformInitiator - HHH000490: Using JtaPlatform implementation: [org.hibernate.engine.transaction.jta.platform.internal.NoJtaPlatform]
[2022-10-28 00:33:15:6261][main] INFO  o.s.o.j.LocalContainerEntityManagerFactoryBean - Initialized JPA EntityManagerFactory for persistence unit 'default'
[2022-10-28 00:33:15:6849][main] WARN  o.s.b.a.o.j.JpaBaseConfiguration$JpaWebConfiguration - spring.jpa.open-in-view is enabled by default. Therefore, database queries may be performed during view rendering. Explicitly configure spring.jpa.open-in-view to disable this warning
[2022-10-28 00:33:15:7090][main] INFO  o.s.s.w.DefaultSecurityFilterChain - Will secure any request with [org.springframework.security.web.session.DisableEncodeUrlFilter@21733cbe, org.springframework.security.web.context.request.async.WebAsyncManagerIntegrationFilter@77ccded4, org.springframework.security.web.context.SecurityContextPersistenceFilter@75ed125a, org.springframework.security.web.header.HeaderWriterFilter@19bfbe28, org.springframework.security.web.authentication.logout.LogoutFilter@2b170932, org.springframework.security.web.authentication.UsernamePasswordAuthenticationFilter@59ec7020, org.springframework.security.web.authentication.www.BasicAuthenticationFilter@3302035b, org.springframework.security.web.savedrequest.RequestCacheAwareFilter@5a85b4e6, org.springframework.security.web.servletapi.SecurityContextHolderAwareRequestFilter@23ea8830, org.springframework.security.web.authentication.AnonymousAuthenticationFilter@64c8fcfb, org.springframework.security.web.session.SessionManagementFilter@49ced9c7, org.springframework.security.web.access.ExceptionTranslationFilter@50dc49e1, org.springframework.security.web.access.intercept.FilterSecurityInterceptor@4d0e1a9a]
[2022-10-28 00:33:16:7581][main] INFO  o.a.coyote.http11.Http11NioProtocol - Starting ProtocolHandler ["http-nio-8080"]
[2022-10-28 00:33:16:7603][main] INFO  o.s.b.w.e.tomcat.TomcatWebServer - Tomcat started on port(s): 8080 (http) with context path ''
[2022-10-28 00:33:16:7615][main] INFO  project.TadeM.TadeMApplication - Started TadeMApplication in 7.323 seconds (JVM running for 8.753)
[2022-10-28 00:33:16:7866][http-nio-8080-exec-1] INFO  o.a.c.c.C.[Tomcat].[localhost].[/] - Initializing Spring DispatcherServlet 'dispatcherServlet'
[2022-10-28 00:33:16:7866][http-nio-8080-exec-1] INFO  o.s.web.servlet.DispatcherServlet - Initializing Servlet 'dispatcherServlet'
[2022-10-28 00:33:16:7867][http-nio-8080-exec-1] INFO  o.s.web.servlet.DispatcherServlet - Completed initialization in 1 ms
[2022-10-28 00:33:22:14080][http-nio-8080-exec-7] WARN  p.T.M.c.CustomLoginSuccessHandler - Login Success
[2022-10-28 00:33:22:14081][http-nio-8080-exec-7] WARN  p.T.M.c.CustomLoginSuccessHandler - ROLE NAMES : [ROLE_BUYER]
[2022-10-28 00:37:41:272765][SpringApplicationShutdownHook] INFO  o.s.o.j.LocalContainerEntityManagerFactoryBean - Closing JPA EntityManagerFactory for persistence unit 'default'
[2022-10-28 00:37:41:272772][SpringApplicationShutdownHook] INFO  com.zaxxer.hikari.HikariDataSource - HikariPool-1 - Shutdown initiated...
[2022-10-28 00:37:41:272820][SpringApplicationShutdownHook] INFO  com.zaxxer.hikari.HikariDataSource - HikariPool-1 - Shutdown completed.
[2022-10-28 00:37:51:1256][main] INFO  project.TadeM.TadeMApplication - Starting TadeMApplication using Java 1.8.0_345 on DESKTOP-H1MP2T0 with PID 15772 (C:\dev\eclipse_workspace\TadeM - 구매자로그인_페이지까지 - 복사본 - 복사본\out\production\classes started by ran73 in C:\dev\eclipse_workspace\TadeM - 구매자로그인_페이지까지 - 복사본 - 복사본)
[2022-10-28 00:37:51:1261][main] INFO  project.TadeM.TadeMApplication - No active profile set, falling back to 1 default profile: "default"
[2022-10-28 00:37:52:2193][main] INFO  o.s.d.r.c.RepositoryConfigurationDelegate - Bootstrapping Spring Data JPA repositories in DEFAULT mode.
[2022-10-28 00:37:52:2296][main] INFO  o.s.d.r.c.RepositoryConfigurationDelegate - Finished Spring Data repository scanning in 90 ms. Found 2 JPA repository interfaces.
[2022-10-28 00:37:53:3015][main] INFO  o.s.b.w.e.tomcat.TomcatWebServer - Tomcat initialized with port(s): 8080 (http)
[2022-10-28 00:37:53:3015][main] INFO  o.a.c.core.AprLifecycleListener - Loaded Apache Tomcat Native library [1.2.35] using APR version [1.7.0].
[2022-10-28 00:37:53:3016][main] INFO  o.a.c.core.AprLifecycleListener - APR capabilities: IPv6 [true], sendfile [true], accept filters [false], random [true], UDS [true].
[2022-10-28 00:37:53:3016][main] INFO  o.a.c.core.AprLifecycleListener - APR/OpenSSL configuration: useAprConnector [false], useOpenSSL [true]
[2022-10-28 00:37:53:3022][main] INFO  o.a.c.core.AprLifecycleListener - OpenSSL successfully initialized [OpenSSL 1.1.1q  5 Jul 2022]
[2022-10-28 00:37:53:3033][main] INFO  o.a.coyote.http11.Http11NioProtocol - Initializing ProtocolHandler ["http-nio-8080"]
[2022-10-28 00:37:53:3033][main] INFO  o.a.catalina.core.StandardService - Starting service [Tomcat]
[2022-10-28 00:37:53:3033][main] INFO  o.a.catalina.core.StandardEngine - Starting Servlet engine: [Apache Tomcat/9.0.65]
[2022-10-28 00:37:53:3211][main] INFO  o.a.c.c.C.[Tomcat].[localhost].[/] - Initializing Spring embedded WebApplicationContext
[2022-10-28 00:37:53:3211][main] INFO  o.s.b.w.s.c.ServletWebServerApplicationContext - Root WebApplicationContext: initialization completed in 1891 ms
[2022-10-28 00:37:53:3421][main] INFO  com.zaxxer.hikari.HikariDataSource - HikariPool-1 - Starting...
[2022-10-28 00:37:53:3797][main] INFO  com.zaxxer.hikari.HikariDataSource - HikariPool-1 - Start completed.
[2022-10-28 00:37:53:3871][main] INFO  o.h.jpa.internal.util.LogHelper - HHH000204: Processing PersistenceUnitInfo [name: default]
[2022-10-28 00:37:54:3944][main] INFO  org.hibernate.Version - HHH000412: Hibernate ORM core version 5.6.11.Final
[2022-10-28 00:37:54:4191][main] INFO  o.h.annotations.common.Version - HCANN000001: Hibernate Commons Annotations {5.1.2.Final}
[2022-10-28 00:37:54:4374][main] INFO  org.hibernate.dialect.Dialect - HHH000400: Using dialect: org.hibernate.dialect.MySQL57Dialect
[2022-10-28 00:37:55:5269][main] INFO  o.h.e.t.j.p.i.JtaPlatformInitiator - HHH000490: Using JtaPlatform implementation: [org.hibernate.engine.transaction.jta.platform.internal.NoJtaPlatform]
[2022-10-28 00:37:55:5286][main] INFO  o.s.o.j.LocalContainerEntityManagerFactoryBean - Initialized JPA EntityManagerFactory for persistence unit 'default'
[2022-10-28 00:37:55:5834][main] WARN  o.s.b.a.o.j.JpaBaseConfiguration$JpaWebConfiguration - spring.jpa.open-in-view is enabled by default. Therefore, database queries may be performed during view rendering. Explicitly configure spring.jpa.open-in-view to disable this warning
[2022-10-28 00:37:56:6089][main] INFO  o.s.s.w.DefaultSecurityFilterChain - Will secure any request with [org.springframework.security.web.session.DisableEncodeUrlFilter@64c8fcfb, org.springframework.security.web.context.request.async.WebAsyncManagerIntegrationFilter@21be14c2, org.springframework.security.web.context.SecurityContextPersistenceFilter@5a85b4e6, org.springframework.security.web.header.HeaderWriterFilter@49ced9c7, org.springframework.security.web.authentication.logout.LogoutFilter@42107318, org.springframework.security.web.authentication.UsernamePasswordAuthenticationFilter@2ba9f986, org.springframework.security.web.authentication.www.BasicAuthenticationFilter@750cd36d, org.springframework.security.web.savedrequest.RequestCacheAwareFilter@6b09ce57, org.springframework.security.web.servletapi.SecurityContextHolderAwareRequestFilter@790ac3e0, org.springframework.security.web.authentication.AnonymousAuthenticationFilter@19105a87, org.springframework.security.web.session.SessionManagementFilter@75ed125a, org.springframework.security.web.access.ExceptionTranslationFilter@3babcaed, org.springframework.security.web.access.intercept.FilterSecurityInterceptor@bf2aa32]
[2022-10-28 00:37:56:6646][main] INFO  o.a.coyote.http11.Http11NioProtocol - Starting ProtocolHandler ["http-nio-8080"]
[2022-10-28 00:37:56:6774][main] INFO  o.s.b.w.e.tomcat.TomcatWebServer - Tomcat started on port(s): 8080 (http) with context path ''
[2022-10-28 00:37:56:6793][main] INFO  project.TadeM.TadeMApplication - Started TadeMApplication in 6.495 seconds (JVM running for 8.0)
[2022-10-28 00:37:59:9384][http-nio-8080-exec-1] INFO  o.a.c.c.C.[Tomcat].[localhost].[/] - Initializing Spring DispatcherServlet 'dispatcherServlet'
[2022-10-28 00:37:59:9384][http-nio-8080-exec-1] INFO  o.s.web.servlet.DispatcherServlet - Initializing Servlet 'dispatcherServlet'
[2022-10-28 00:37:59:9386][http-nio-8080-exec-1] INFO  o.s.web.servlet.DispatcherServlet - Completed initialization in 1 ms
[2022-10-28 00:38:15:25569][http-nio-8080-exec-5] WARN  p.T.M.c.CustomLoginFailureHandler - Login Fail
[2022-10-28 00:38:20:30363][http-nio-8080-exec-7] WARN  p.T.M.c.CustomLoginSuccessHandler - Login Success
[2022-10-28 00:38:20:30364][http-nio-8080-exec-7] WARN  p.T.M.c.CustomLoginSuccessHandler - ROLE NAMES : [ROLE_BUYER]
[2022-10-28 00:38:42:52892][SpringApplicationShutdownHook] INFO  o.s.o.j.LocalContainerEntityManagerFactoryBean - Closing JPA EntityManagerFactory for persistence unit 'default'
[2022-10-28 00:38:42:52897][SpringApplicationShutdownHook] INFO  com.zaxxer.hikari.HikariDataSource - HikariPool-1 - Shutdown initiated...
[2022-10-28 00:38:43:52906][SpringApplicationShutdownHook] INFO  com.zaxxer.hikari.HikariDataSource - HikariPool-1 - Shutdown completed.
[2022-10-28 00:38:51:1183][main] INFO  project.TadeM.TadeMApplication - Starting TadeMApplication using Java 1.8.0_345 on DESKTOP-H1MP2T0 with PID 13180 (C:\dev\eclipse_workspace\TadeM - 구매자로그인_페이지까지 - 복사본 - 복사본\out\production\classes started by ran73 in C:\dev\eclipse_workspace\TadeM - 구매자로그인_페이지까지 - 복사본 - 복사본)
[2022-10-28 00:38:51:1187][main] INFO  project.TadeM.TadeMApplication - No active profile set, falling back to 1 default profile: "default"
[2022-10-28 00:38:52:2174][main] INFO  o.s.d.r.c.RepositoryConfigurationDelegate - Bootstrapping Spring Data JPA repositories in DEFAULT mode.
[2022-10-28 00:38:52:2286][main] INFO  o.s.d.r.c.RepositoryConfigurationDelegate - Finished Spring Data repository scanning in 98 ms. Found 2 JPA repository interfaces.
[2022-10-28 00:38:53:3031][main] INFO  o.s.b.w.e.tomcat.TomcatWebServer - Tomcat initialized with port(s): 8080 (http)
[2022-10-28 00:38:53:3032][main] INFO  o.a.c.core.AprLifecycleListener - Loaded Apache Tomcat Native library [1.2.35] using APR version [1.7.0].
[2022-10-28 00:38:53:3032][main] INFO  o.a.c.core.AprLifecycleListener - APR capabilities: IPv6 [true], sendfile [true], accept filters [false], random [true], UDS [true].
[2022-10-28 00:38:53:3033][main] INFO  o.a.c.core.AprLifecycleListener - APR/OpenSSL configuration: useAprConnector [false], useOpenSSL [true]
[2022-10-28 00:38:53:3038][main] INFO  o.a.c.core.AprLifecycleListener - OpenSSL successfully initialized [OpenSSL 1.1.1q  5 Jul 2022]
[2022-10-28 00:38:53:3050][main] INFO  o.a.coyote.http11.Http11NioProtocol - Initializing ProtocolHandler ["http-nio-8080"]
[2022-10-28 00:38:53:3050][main] INFO  o.a.catalina.core.StandardService - Starting service [Tomcat]
[2022-10-28 00:38:53:3050][main] INFO  o.a.catalina.core.StandardEngine - Starting Servlet engine: [Apache Tomcat/9.0.65]
[2022-10-28 00:38:53:3228][main] INFO  o.a.c.c.C.[Tomcat].[localhost].[/] - Initializing Spring embedded WebApplicationContext
[2022-10-28 00:38:53:3228][main] INFO  o.s.b.w.s.c.ServletWebServerApplicationContext - Root WebApplicationContext: initialization completed in 1982 ms
[2022-10-28 00:38:54:3428][main] INFO  com.zaxxer.hikari.HikariDataSource - HikariPool-1 - Starting...
[2022-10-28 00:38:54:3801][main] INFO  com.zaxxer.hikari.HikariDataSource - HikariPool-1 - Start completed.
[2022-10-28 00:38:54:3876][main] INFO  o.h.jpa.internal.util.LogHelper - HHH000204: Processing PersistenceUnitInfo [name: default]
[2022-10-28 00:38:54:3950][main] INFO  org.hibernate.Version - HHH000412: Hibernate ORM core version 5.6.11.Final
[2022-10-28 00:38:54:4195][main] INFO  o.h.annotations.common.Version - HCANN000001: Hibernate Commons Annotations {5.1.2.Final}
[2022-10-28 00:38:54:4360][main] INFO  org.hibernate.dialect.Dialect - HHH000400: Using dialect: org.hibernate.dialect.MySQL57Dialect
[2022-10-28 00:38:55:5191][main] INFO  o.h.e.t.j.p.i.JtaPlatformInitiator - HHH000490: Using JtaPlatform implementation: [org.hibernate.engine.transaction.jta.platform.internal.NoJtaPlatform]
[2022-10-28 00:38:55:5208][main] INFO  o.s.o.j.LocalContainerEntityManagerFactoryBean - Initialized JPA EntityManagerFactory for persistence unit 'default'
[2022-10-28 00:38:56:5741][main] WARN  o.s.b.a.o.j.JpaBaseConfiguration$JpaWebConfiguration - spring.jpa.open-in-view is enabled by default. Therefore, database queries may be performed during view rendering. Explicitly configure spring.jpa.open-in-view to disable this warning
[2022-10-28 00:38:56:5984][main] INFO  o.s.s.w.DefaultSecurityFilterChain - Will secure any request with [org.springframework.security.web.session.DisableEncodeUrlFilter@64c8fcfb, org.springframework.security.web.context.request.async.WebAsyncManagerIntegrationFilter@21be14c2, org.springframework.security.web.context.SecurityContextPersistenceFilter@5a85b4e6, org.springframework.security.web.header.HeaderWriterFilter@49ced9c7, org.springframework.security.web.authentication.logout.LogoutFilter@42107318, org.springframework.security.web.authentication.UsernamePasswordAuthenticationFilter@2ba9f986, org.springframework.security.web.authentication.www.BasicAuthenticationFilter@750cd36d, org.springframework.security.web.savedrequest.RequestCacheAwareFilter@6b09ce57, org.springframework.security.web.servletapi.SecurityContextHolderAwareRequestFilter@790ac3e0, org.springframework.security.web.authentication.AnonymousAuthenticationFilter@19105a87, org.springframework.security.web.session.SessionManagementFilter@75ed125a, org.springframework.security.web.access.ExceptionTranslationFilter@3babcaed, org.springframework.security.web.access.intercept.FilterSecurityInterceptor@bf2aa32]
[2022-10-28 00:38:57:6438][main] INFO  o.a.coyote.http11.Http11NioProtocol - Starting ProtocolHandler ["http-nio-8080"]
[2022-10-28 00:38:57:6463][main] INFO  o.s.b.w.e.tomcat.TomcatWebServer - Tomcat started on port(s): 8080 (http) with context path ''
[2022-10-28 00:38:57:6474][main] INFO  project.TadeM.TadeMApplication - Started TadeMApplication in 6.177 seconds (JVM running for 7.691)
[2022-10-28 00:39:00:9421][http-nio-8080-exec-1] INFO  o.a.c.c.C.[Tomcat].[localhost].[/] - Initializing Spring DispatcherServlet 'dispatcherServlet'
[2022-10-28 00:39:00:9422][http-nio-8080-exec-1] INFO  o.s.web.servlet.DispatcherServlet - Initializing Servlet 'dispatcherServlet'
[2022-10-28 00:39:00:9423][http-nio-8080-exec-1] INFO  o.s.web.servlet.DispatcherServlet - Completed initialization in 1 ms
[2022-10-28 00:39:04:14171][http-nio-8080-exec-5] WARN  p.T.M.c.CustomLoginSuccessHandler - Login Success
[2022-10-28 00:39:04:14173][http-nio-8080-exec-5] WARN  p.T.M.c.CustomLoginSuccessHandler - ROLE NAMES : [ROLE_BUYER]
[2022-10-28 00:39:10:19909][http-nio-8080-exec-2] WARN  p.T.M.c.CustomLoginFailureHandler - Login Fail
[2022-10-28 00:39:14:23735][http-nio-8080-exec-3] WARN  p.T.M.c.CustomLoginSuccessHandler - Login Success
[2022-10-28 00:39:14:23736][http-nio-8080-exec-3] WARN  p.T.M.c.CustomLoginSuccessHandler - ROLE NAMES : [ROLE_BUYER]
[2022-10-28 01:43:31:1352][main] INFO  project.TadeM.TadeMApplication - Starting TadeMApplication using Java 1.8.0_345 on DESKTOP-H1MP2T0 with PID 4572 (C:\dev\eclipse_workspace\TadeM - 구매자로그인_페이지까지(커스텀2)\out\production\classes started by ran73 in C:\dev\eclipse_workspace\TadeM - 구매자로그인_페이지까지(커스텀2))
[2022-10-28 01:43:31:1358][main] INFO  project.TadeM.TadeMApplication - No active profile set, falling back to 1 default profile: "default"
[2022-10-28 01:43:32:2363][main] INFO  o.s.d.r.c.RepositoryConfigurationDelegate - Bootstrapping Spring Data JPA repositories in DEFAULT mode.
[2022-10-28 01:43:32:2471][main] INFO  o.s.d.r.c.RepositoryConfigurationDelegate - Finished Spring Data repository scanning in 95 ms. Found 2 JPA repository interfaces.
[2022-10-28 01:43:33:3233][main] INFO  o.s.b.w.e.tomcat.TomcatWebServer - Tomcat initialized with port(s): 8080 (http)
[2022-10-28 01:43:33:3234][main] INFO  o.a.c.core.AprLifecycleListener - Loaded Apache Tomcat Native library [1.2.35] using APR version [1.7.0].
[2022-10-28 01:43:33:3234][main] INFO  o.a.c.core.AprLifecycleListener - APR capabilities: IPv6 [true], sendfile [true], accept filters [false], random [true], UDS [true].
[2022-10-28 01:43:33:3234][main] INFO  o.a.c.core.AprLifecycleListener - APR/OpenSSL configuration: useAprConnector [false], useOpenSSL [true]
[2022-10-28 01:43:33:3240][main] INFO  o.a.c.core.AprLifecycleListener - OpenSSL successfully initialized [OpenSSL 1.1.1q  5 Jul 2022]
[2022-10-28 01:43:33:3252][main] INFO  o.a.coyote.http11.Http11NioProtocol - Initializing ProtocolHandler ["http-nio-8080"]
[2022-10-28 01:43:33:3253][main] INFO  o.a.catalina.core.StandardService - Starting service [Tomcat]
[2022-10-28 01:43:33:3253][main] INFO  o.a.catalina.core.StandardEngine - Starting Servlet engine: [Apache Tomcat/9.0.65]
[2022-10-28 01:43:33:3445][main] INFO  o.a.c.c.C.[Tomcat].[localhost].[/] - Initializing Spring embedded WebApplicationContext
[2022-10-28 01:43:33:3445][main] INFO  o.s.b.w.s.c.ServletWebServerApplicationContext - Root WebApplicationContext: initialization completed in 2014 ms
[2022-10-28 01:43:34:3669][main] INFO  com.zaxxer.hikari.HikariDataSource - HikariPool-1 - Starting...
[2022-10-28 01:43:34:4120][main] INFO  com.zaxxer.hikari.HikariDataSource - HikariPool-1 - Start completed.
[2022-10-28 01:43:34:4195][main] INFO  o.h.jpa.internal.util.LogHelper - HHH000204: Processing PersistenceUnitInfo [name: default]
[2022-10-28 01:43:34:4271][main] INFO  org.hibernate.Version - HHH000412: Hibernate ORM core version 5.6.11.Final
[2022-10-28 01:43:34:4539][main] INFO  o.h.annotations.common.Version - HCANN000001: Hibernate Commons Annotations {5.1.2.Final}
[2022-10-28 01:43:35:4718][main] INFO  org.hibernate.dialect.Dialect - HHH000400: Using dialect: org.hibernate.dialect.MySQL57Dialect
[2022-10-28 01:43:35:5543][main] INFO  o.h.e.t.j.p.i.JtaPlatformInitiator - HHH000490: Using JtaPlatform implementation: [org.hibernate.engine.transaction.jta.platform.internal.NoJtaPlatform]
[2022-10-28 01:43:35:5561][main] INFO  o.s.o.j.LocalContainerEntityManagerFactoryBean - Initialized JPA EntityManagerFactory for persistence unit 'default'
[2022-10-28 01:43:36:6244][main] WARN  o.s.b.a.o.j.JpaBaseConfiguration$JpaWebConfiguration - spring.jpa.open-in-view is enabled by default. Therefore, database queries may be performed during view rendering. Explicitly configure spring.jpa.open-in-view to disable this warning
[2022-10-28 01:43:37:6633][main] INFO  o.s.s.w.DefaultSecurityFilterChain - Will secure any request with [org.springframework.security.web.session.DisableEncodeUrlFilter@64c8fcfb, org.springframework.security.web.context.request.async.WebAsyncManagerIntegrationFilter@21be14c2, org.springframework.security.web.context.SecurityContextPersistenceFilter@5a85b4e6, org.springframework.security.web.header.HeaderWriterFilter@49ced9c7, org.springframework.security.web.authentication.logout.LogoutFilter@42107318, org.springframework.security.web.authentication.UsernamePasswordAuthenticationFilter@2ba9f986, org.springframework.security.web.authentication.www.BasicAuthenticationFilter@750cd36d, org.springframework.security.web.savedrequest.RequestCacheAwareFilter@6b09ce57, org.springframework.security.web.servletapi.SecurityContextHolderAwareRequestFilter@790ac3e0, org.springframework.security.web.authentication.AnonymousAuthenticationFilter@19105a87, org.springframework.security.web.session.SessionManagementFilter@75ed125a, org.springframework.security.web.access.ExceptionTranslationFilter@3babcaed, org.springframework.security.web.access.intercept.FilterSecurityInterceptor@bf2aa32]
[2022-10-28 01:43:38:7703][main] INFO  o.a.coyote.http11.Http11NioProtocol - Starting ProtocolHandler ["http-nio-8080"]
[2022-10-28 01:43:38:7735][main] INFO  o.s.b.w.e.tomcat.TomcatWebServer - Tomcat started on port(s): 8080 (http) with context path ''
[2022-10-28 01:43:38:7748][main] INFO  project.TadeM.TadeMApplication - Started TadeMApplication in 7.407 seconds (JVM running for 9.441)
[2022-10-28 01:44:04:34431][http-nio-8080-exec-2] INFO  o.a.c.c.C.[Tomcat].[localhost].[/] - Initializing Spring DispatcherServlet 'dispatcherServlet'
[2022-10-28 01:44:04:34431][http-nio-8080-exec-2] INFO  o.s.web.servlet.DispatcherServlet - Initializing Servlet 'dispatcherServlet'
[2022-10-28 01:44:04:34432][http-nio-8080-exec-2] INFO  o.s.web.servlet.DispatcherServlet - Completed initialization in 1 ms
[2022-10-28 01:44:09:39457][http-nio-8080-exec-5] WARN  p.T.M.c.CustomLoginSuccessHandler - Login Success
[2022-10-28 01:44:09:39460][http-nio-8080-exec-5] WARN  p.T.M.c.CustomLoginSuccessHandler - ROLE NAMES : [ROLE_BUYER]
[2022-10-28 01:44:23:53297][http-nio-8080-exec-3] WARN  p.T.M.c.CustomLoginSuccessHandler - Login Success
[2022-10-28 01:44:23:53298][http-nio-8080-exec-3] WARN  p.T.M.c.CustomLoginSuccessHandler - ROLE NAMES : [ROLE_BUYER]
[2022-10-28 01:54:36:665652][SpringApplicationShutdownHook] INFO  o.s.o.j.LocalContainerEntityManagerFactoryBean - Closing JPA EntityManagerFactory for persistence unit 'default'
[2022-10-28 01:54:36:665659][SpringApplicationShutdownHook] INFO  com.zaxxer.hikari.HikariDataSource - HikariPool-1 - Shutdown initiated...
[2022-10-28 01:54:36:665676][SpringApplicationShutdownHook] INFO  com.zaxxer.hikari.HikariDataSource - HikariPool-1 - Shutdown completed.
[2022-10-28 01:54:45:1194][main] INFO  project.TadeM.TadeMApplication - Starting TadeMApplication using Java 1.8.0_345 on DESKTOP-H1MP2T0 with PID 8476 (C:\dev\eclipse_workspace\TadeM - 구매자로그인_페이지까지(커스텀2)\out\production\classes started by ran73 in C:\dev\eclipse_workspace\TadeM - 구매자로그인_페이지까지(커스텀2))
[2022-10-28 01:54:45:1199][main] INFO  project.TadeM.TadeMApplication - No active profile set, falling back to 1 default profile: "default"
[2022-10-28 01:54:46:2242][main] INFO  o.s.d.r.c.RepositoryConfigurationDelegate - Bootstrapping Spring Data JPA repositories in DEFAULT mode.
[2022-10-28 01:54:46:2358][main] INFO  o.s.d.r.c.RepositoryConfigurationDelegate - Finished Spring Data repository scanning in 101 ms. Found 2 JPA repository interfaces.
[2022-10-28 01:54:48:3614][main] INFO  o.s.b.w.e.tomcat.TomcatWebServer - Tomcat initialized with port(s): 8080 (http)
[2022-10-28 01:54:48:3616][main] INFO  o.a.c.core.AprLifecycleListener - Loaded Apache Tomcat Native library [1.2.35] using APR version [1.7.0].
[2022-10-28 01:54:48:3617][main] INFO  o.a.c.core.AprLifecycleListener - APR capabilities: IPv6 [true], sendfile [true], accept filters [false], random [true], UDS [true].
[2022-10-28 01:54:48:3617][main] INFO  o.a.c.core.AprLifecycleListener - APR/OpenSSL configuration: useAprConnector [false], useOpenSSL [true]
[2022-10-28 01:54:48:3627][main] INFO  o.a.c.core.AprLifecycleListener - OpenSSL successfully initialized [OpenSSL 1.1.1q  5 Jul 2022]
[2022-10-28 01:54:48:3649][main] INFO  o.a.coyote.http11.Http11NioProtocol - Initializing ProtocolHandler ["http-nio-8080"]
[2022-10-28 01:54:48:3651][main] INFO  o.a.catalina.core.StandardService - Starting service [Tomcat]
[2022-10-28 01:54:48:3651][main] INFO  o.a.catalina.core.StandardEngine - Starting Servlet engine: [Apache Tomcat/9.0.65]
[2022-10-28 01:54:48:3986][main] INFO  o.a.c.c.C.[Tomcat].[localhost].[/] - Initializing Spring embedded WebApplicationContext
[2022-10-28 01:54:48:3987][main] INFO  o.s.b.w.s.c.ServletWebServerApplicationContext - Root WebApplicationContext: initialization completed in 2728 ms
[2022-10-28 01:54:48:4325][main] INFO  com.zaxxer.hikari.HikariDataSource - HikariPool-1 - Starting...
[2022-10-28 01:54:49:4833][main] INFO  com.zaxxer.hikari.HikariDataSource - HikariPool-1 - Start completed.
[2022-10-28 01:54:49:4933][main] INFO  o.h.jpa.internal.util.LogHelper - HHH000204: Processing PersistenceUnitInfo [name: default]
[2022-10-28 01:54:49:5038][main] INFO  org.hibernate.Version - HHH000412: Hibernate ORM core version 5.6.11.Final
[2022-10-28 01:54:49:5368][main] INFO  o.h.annotations.common.Version - HCANN000001: Hibernate Commons Annotations {5.1.2.Final}
[2022-10-28 01:54:50:5585][main] INFO  org.hibernate.dialect.Dialect - HHH000400: Using dialect: org.hibernate.dialect.MySQL57Dialect
[2022-10-28 01:54:51:6731][main] INFO  o.h.e.t.j.p.i.JtaPlatformInitiator - HHH000490: Using JtaPlatform implementation: [org.hibernate.engine.transaction.jta.platform.internal.NoJtaPlatform]
[2022-10-28 01:54:51:6751][main] INFO  o.s.o.j.LocalContainerEntityManagerFactoryBean - Initialized JPA EntityManagerFactory for persistence unit 'default'
[2022-10-28 01:54:51:7338][main] WARN  o.s.b.a.o.j.JpaBaseConfiguration$JpaWebConfiguration - spring.jpa.open-in-view is enabled by default. Therefore, database queries may be performed during view rendering. Explicitly configure spring.jpa.open-in-view to disable this warning
[2022-10-28 01:54:52:7642][main] INFO  o.s.s.w.DefaultSecurityFilterChain - Will secure any request with [org.springframework.security.web.session.DisableEncodeUrlFilter@64c8fcfb, org.springframework.security.web.context.request.async.WebAsyncManagerIntegrationFilter@21be14c2, org.springframework.security.web.context.SecurityContextPersistenceFilter@5a85b4e6, org.springframework.security.web.header.HeaderWriterFilter@49ced9c7, org.springframework.security.web.authentication.logout.LogoutFilter@42107318, org.springframework.security.web.authentication.UsernamePasswordAuthenticationFilter@2ba9f986, org.springframework.security.web.authentication.www.BasicAuthenticationFilter@750cd36d, org.springframework.security.web.savedrequest.RequestCacheAwareFilter@6b09ce57, org.springframework.security.web.servletapi.SecurityContextHolderAwareRequestFilter@790ac3e0, org.springframework.security.web.authentication.AnonymousAuthenticationFilter@19105a87, org.springframework.security.web.session.SessionManagementFilter@75ed125a, org.springframework.security.web.access.ExceptionTranslationFilter@3babcaed, org.springframework.security.web.access.intercept.FilterSecurityInterceptor@bf2aa32]
[2022-10-28 01:54:52:8214][main] INFO  o.a.coyote.http11.Http11NioProtocol - Starting ProtocolHandler ["http-nio-8080"]
[2022-10-28 01:54:52:8239][main] INFO  o.s.b.w.e.tomcat.TomcatWebServer - Tomcat started on port(s): 8080 (http) with context path ''
[2022-10-28 01:54:52:8252][main] INFO  project.TadeM.TadeMApplication - Started TadeMApplication in 7.989 seconds (JVM running for 9.43)
[2022-10-28 01:55:02:18352][http-nio-8080-exec-1] INFO  o.a.c.c.C.[Tomcat].[localhost].[/] - Initializing Spring DispatcherServlet 'dispatcherServlet'
[2022-10-28 01:55:02:18353][http-nio-8080-exec-1] INFO  o.s.web.servlet.DispatcherServlet - Initializing Servlet 'dispatcherServlet'
[2022-10-28 01:55:02:18354][http-nio-8080-exec-1] INFO  o.s.web.servlet.DispatcherServlet - Completed initialization in 1 ms
[2022-10-28 01:55:09:25283][http-nio-8080-exec-9] WARN  p.T.M.c.CustomLoginSuccessHandler - Login Success
[2022-10-28 01:55:09:25284][http-nio-8080-exec-9] WARN  p.T.M.c.CustomLoginSuccessHandler - ROLE NAMES : [ROLE_BUYER]
[2022-10-28 01:56:18:93648][SpringApplicationShutdownHook] INFO  o.s.o.j.LocalContainerEntityManagerFactoryBean - Closing JPA EntityManagerFactory for persistence unit 'default'
[2022-10-28 01:56:18:93654][SpringApplicationShutdownHook] INFO  com.zaxxer.hikari.HikariDataSource - HikariPool-1 - Shutdown initiated...
[2022-10-28 01:56:18:93725][SpringApplicationShutdownHook] INFO  com.zaxxer.hikari.HikariDataSource - HikariPool-1 - Shutdown completed.
[2022-10-28 01:56:26:1087][main] INFO  project.TadeM.TadeMApplication - Starting TadeMApplication using Java 1.8.0_345 on DESKTOP-H1MP2T0 with PID 15016 (C:\dev\eclipse_workspace\TadeM - 구매자로그인_페이지까지(커스텀2)\out\production\classes started by ran73 in C:\dev\eclipse_workspace\TadeM - 구매자로그인_페이지까지(커스텀2))
[2022-10-28 01:56:26:1091][main] INFO  project.TadeM.TadeMApplication - No active profile set, falling back to 1 default profile: "default"
[2022-10-28 01:56:27:2059][main] INFO  o.s.d.r.c.RepositoryConfigurationDelegate - Bootstrapping Spring Data JPA repositories in DEFAULT mode.
[2022-10-28 01:56:28:2172][main] INFO  o.s.d.r.c.RepositoryConfigurationDelegate - Finished Spring Data repository scanning in 98 ms. Found 2 JPA repository interfaces.
[2022-10-28 01:56:28:2914][main] INFO  o.s.b.w.e.tomcat.TomcatWebServer - Tomcat initialized with port(s): 8080 (http)
[2022-10-28 01:56:28:2915][main] INFO  o.a.c.core.AprLifecycleListener - Loaded Apache Tomcat Native library [1.2.35] using APR version [1.7.0].
[2022-10-28 01:56:28:2915][main] INFO  o.a.c.core.AprLifecycleListener - APR capabilities: IPv6 [true], sendfile [true], accept filters [false], random [true], UDS [true].
[2022-10-28 01:56:28:2915][main] INFO  o.a.c.core.AprLifecycleListener - APR/OpenSSL configuration: useAprConnector [false], useOpenSSL [true]
[2022-10-28 01:56:28:2922][main] INFO  o.a.c.core.AprLifecycleListener - OpenSSL successfully initialized [OpenSSL 1.1.1q  5 Jul 2022]
[2022-10-28 01:56:28:2933][main] INFO  o.a.coyote.http11.Http11NioProtocol - Initializing ProtocolHandler ["http-nio-8080"]
[2022-10-28 01:56:28:2934][main] INFO  o.a.catalina.core.StandardService - Starting service [Tomcat]
[2022-10-28 01:56:28:2934][main] INFO  o.a.catalina.core.StandardEngine - Starting Servlet engine: [Apache Tomcat/9.0.65]
[2022-10-28 01:56:28:3126][main] INFO  o.a.c.c.C.[Tomcat].[localhost].[/] - Initializing Spring embedded WebApplicationContext
[2022-10-28 01:56:28:3126][main] INFO  o.s.b.w.s.c.ServletWebServerApplicationContext - Root WebApplicationContext: initialization completed in 1978 ms
[2022-10-28 01:56:29:3339][main] INFO  com.zaxxer.hikari.HikariDataSource - HikariPool-1 - Starting...
[2022-10-28 01:56:29:3737][main] INFO  com.zaxxer.hikari.HikariDataSource - HikariPool-1 - Start completed.
[2022-10-28 01:56:29:3817][main] INFO  o.h.jpa.internal.util.LogHelper - HHH000204: Processing PersistenceUnitInfo [name: default]
[2022-10-28 01:56:29:3897][main] INFO  org.hibernate.Version - HHH000412: Hibernate ORM core version 5.6.11.Final
[2022-10-28 01:56:30:4163][main] INFO  o.h.annotations.common.Version - HCANN000001: Hibernate Commons Annotations {5.1.2.Final}
[2022-10-28 01:56:30:4347][main] INFO  org.hibernate.dialect.Dialect - HHH000400: Using dialect: org.hibernate.dialect.MySQL57Dialect
[2022-10-28 01:56:31:5244][main] INFO  o.h.e.t.j.p.i.JtaPlatformInitiator - HHH000490: Using JtaPlatform implementation: [org.hibernate.engine.transaction.jta.platform.internal.NoJtaPlatform]
[2022-10-28 01:56:31:5262][main] INFO  o.s.o.j.LocalContainerEntityManagerFactoryBean - Initialized JPA EntityManagerFactory for persistence unit 'default'
[2022-10-28 01:56:31:5826][main] WARN  o.s.b.a.o.j.JpaBaseConfiguration$JpaWebConfiguration - spring.jpa.open-in-view is enabled by default. Therefore, database queries may be performed during view rendering. Explicitly configure spring.jpa.open-in-view to disable this warning
[2022-10-28 01:56:31:6093][main] INFO  o.s.s.w.DefaultSecurityFilterChain - Will secure any request with [org.springframework.security.web.session.DisableEncodeUrlFilter@2bb717d7, org.springframework.security.web.context.request.async.WebAsyncManagerIntegrationFilter@7afe0e67, org.springframework.security.web.context.SecurityContextPersistenceFilter@2b9aeedb, org.springframework.security.web.header.HeaderWriterFilter@5a85b4e6, org.springframework.security.web.authentication.logout.LogoutFilter@5dfc2a4, org.springframework.security.web.authentication.UsernamePasswordAuthenticationFilter@74b1838, org.springframework.security.web.authentication.www.BasicAuthenticationFilter@64c8fcfb, org.springframework.security.web.savedrequest.RequestCacheAwareFilter@23ea8830, org.springframework.security.web.servletapi.SecurityContextHolderAwareRequestFilter@56d6a1b1, org.springframework.security.web.authentication.AnonymousAuthenticationFilter@6121a7dd, org.springframework.security.web.session.SessionManagementFilter@6b09ce57, org.springframework.security.web.access.ExceptionTranslationFilter@49ced9c7, org.springframework.security.web.access.intercept.FilterSecurityInterceptor@5c5a91b4]
[2022-10-28 01:56:32:6667][main] INFO  o.a.coyote.http11.Http11NioProtocol - Starting ProtocolHandler ["http-nio-8080"]
[2022-10-28 01:56:32:6695][main] INFO  o.s.b.w.e.tomcat.TomcatWebServer - Tomcat started on port(s): 8080 (http) with context path ''
[2022-10-28 01:56:32:6708][main] INFO  project.TadeM.TadeMApplication - Started TadeMApplication in 6.443 seconds (JVM running for 7.714)
[2022-10-28 01:56:34:8913][http-nio-8080-exec-1] INFO  o.a.c.c.C.[Tomcat].[localhost].[/] - Initializing Spring DispatcherServlet 'dispatcherServlet'
[2022-10-28 01:56:34:8913][http-nio-8080-exec-1] INFO  o.s.web.servlet.DispatcherServlet - Initializing Servlet 'dispatcherServlet'
[2022-10-28 01:56:34:8914][http-nio-8080-exec-1] INFO  o.s.web.servlet.DispatcherServlet - Completed initialization in 1 ms
[2022-10-28 01:56:45:19735][SpringApplicationShutdownHook] INFO  o.s.o.j.LocalContainerEntityManagerFactoryBean - Closing JPA EntityManagerFactory for persistence unit 'default'
[2022-10-28 01:56:45:19743][SpringApplicationShutdownHook] INFO  com.zaxxer.hikari.HikariDataSource - HikariPool-1 - Shutdown initiated...
[2022-10-28 01:56:45:19777][SpringApplicationShutdownHook] INFO  com.zaxxer.hikari.HikariDataSource - HikariPool-1 - Shutdown completed.
[2022-10-28 01:56:54:1135][main] INFO  project.TadeM.TadeMApplication - Starting TadeMApplication using Java 1.8.0_345 on DESKTOP-H1MP2T0 with PID 18328 (C:\dev\eclipse_workspace\TadeM - 구매자로그인_페이지까지(커스텀2)\out\production\classes started by ran73 in C:\dev\eclipse_workspace\TadeM - 구매자로그인_페이지까지(커스텀2))
[2022-10-28 01:56:54:1138][main] INFO  project.TadeM.TadeMApplication - No active profile set, falling back to 1 default profile: "default"
[2022-10-28 01:56:55:2105][main] INFO  o.s.d.r.c.RepositoryConfigurationDelegate - Bootstrapping Spring Data JPA repositories in DEFAULT mode.
[2022-10-28 01:56:55:2215][main] INFO  o.s.d.r.c.RepositoryConfigurationDelegate - Finished Spring Data repository scanning in 97 ms. Found 2 JPA repository interfaces.
[2022-10-28 01:56:56:3018][main] INFO  o.s.b.w.e.tomcat.TomcatWebServer - Tomcat initialized with port(s): 8080 (http)
[2022-10-28 01:56:56:3019][main] INFO  o.a.c.core.AprLifecycleListener - Loaded Apache Tomcat Native library [1.2.35] using APR version [1.7.0].
[2022-10-28 01:56:56:3020][main] INFO  o.a.c.core.AprLifecycleListener - APR capabilities: IPv6 [true], sendfile [true], accept filters [false], random [true], UDS [true].
[2022-10-28 01:56:56:3020][main] INFO  o.a.c.core.AprLifecycleListener - APR/OpenSSL configuration: useAprConnector [false], useOpenSSL [true]
[2022-10-28 01:56:56:3028][main] INFO  o.a.c.core.AprLifecycleListener - OpenSSL successfully initialized [OpenSSL 1.1.1q  5 Jul 2022]
[2022-10-28 01:56:56:3042][main] INFO  o.a.coyote.http11.Http11NioProtocol - Initializing ProtocolHandler ["http-nio-8080"]
[2022-10-28 01:56:56:3043][main] INFO  o.a.catalina.core.StandardService - Starting service [Tomcat]
[2022-10-28 01:56:56:3043][main] INFO  o.a.catalina.core.StandardEngine - Starting Servlet engine: [Apache Tomcat/9.0.65]
[2022-10-28 01:56:56:3225][main] INFO  o.a.c.c.C.[Tomcat].[localhost].[/] - Initializing Spring embedded WebApplicationContext
[2022-10-28 01:56:56:3226][main] INFO  o.s.b.w.s.c.ServletWebServerApplicationContext - Root WebApplicationContext: initialization completed in 2031 ms
[2022-10-28 01:56:56:3453][main] INFO  com.zaxxer.hikari.HikariDataSource - HikariPool-1 - Starting...
[2022-10-28 01:56:57:3852][main] INFO  com.zaxxer.hikari.HikariDataSource - HikariPool-1 - Start completed.
[2022-10-28 01:56:57:3934][main] INFO  o.h.jpa.internal.util.LogHelper - HHH000204: Processing PersistenceUnitInfo [name: default]
[2022-10-28 01:56:57:4034][main] INFO  org.hibernate.Version - HHH000412: Hibernate ORM core version 5.6.11.Final
[2022-10-28 01:56:57:4314][main] INFO  o.h.annotations.common.Version - HCANN000001: Hibernate Commons Annotations {5.1.2.Final}
[2022-10-28 01:56:57:4491][main] INFO  org.hibernate.dialect.Dialect - HHH000400: Using dialect: org.hibernate.dialect.MySQL57Dialect
[2022-10-28 01:56:58:5447][main] INFO  o.h.e.t.j.p.i.JtaPlatformInitiator - HHH000490: Using JtaPlatform implementation: [org.hibernate.engine.transaction.jta.platform.internal.NoJtaPlatform]
[2022-10-28 01:56:58:5468][main] INFO  o.s.o.j.LocalContainerEntityManagerFactoryBean - Initialized JPA EntityManagerFactory for persistence unit 'default'
[2022-10-28 01:56:59:6223][main] WARN  o.s.b.a.o.j.JpaBaseConfiguration$JpaWebConfiguration - spring.jpa.open-in-view is enabled by default. Therefore, database queries may be performed during view rendering. Explicitly configure spring.jpa.open-in-view to disable this warning
[2022-10-28 01:56:59:6482][main] INFO  o.s.s.w.DefaultSecurityFilterChain - Will secure any request with [org.springframework.security.web.session.DisableEncodeUrlFilter@64c8fcfb, org.springframework.security.web.context.request.async.WebAsyncManagerIntegrationFilter@21be14c2, org.springframework.security.web.context.SecurityContextPersistenceFilter@5a85b4e6, org.springframework.security.web.header.HeaderWriterFilter@49ced9c7, org.springframework.security.web.authentication.logout.LogoutFilter@42107318, org.springframework.security.web.authentication.UsernamePasswordAuthenticationFilter@2ba9f986, org.springframework.security.web.authentication.www.BasicAuthenticationFilter@750cd36d, org.springframework.security.web.savedrequest.RequestCacheAwareFilter@6b09ce57, org.springframework.security.web.servletapi.SecurityContextHolderAwareRequestFilter@790ac3e0, org.springframework.security.web.authentication.AnonymousAuthenticationFilter@19105a87, org.springframework.security.web.session.SessionManagementFilter@75ed125a, org.springframework.security.web.access.ExceptionTranslationFilter@3babcaed, org.springframework.security.web.access.intercept.FilterSecurityInterceptor@bf2aa32]
[2022-10-28 01:57:00:7041][main] INFO  o.a.coyote.http11.Http11NioProtocol - Starting ProtocolHandler ["http-nio-8080"]
[2022-10-28 01:57:00:7075][main] INFO  o.s.b.w.e.tomcat.TomcatWebServer - Tomcat started on port(s): 8080 (http) with context path ''
[2022-10-28 01:57:00:7092][main] INFO  project.TadeM.TadeMApplication - Started TadeMApplication in 6.803 seconds (JVM running for 8.433)
[2022-10-28 01:57:00:7491][http-nio-8080-exec-1] INFO  o.a.c.c.C.[Tomcat].[localhost].[/] - Initializing Spring DispatcherServlet 'dispatcherServlet'
[2022-10-28 01:57:00:7491][http-nio-8080-exec-1] INFO  o.s.web.servlet.DispatcherServlet - Initializing Servlet 'dispatcherServlet'
[2022-10-28 01:57:00:7492][http-nio-8080-exec-1] INFO  o.s.web.servlet.DispatcherServlet - Completed initialization in 1 ms
[2022-10-28 02:06:22:569075][http-nio-8080-exec-6] WARN  p.T.M.c.CustomLoginFailureHandler - Login Fail
[2022-10-28 02:06:25:571706][http-nio-8080-exec-7] WARN  p.T.M.c.CustomLoginSuccessHandler - Login Success
[2022-10-28 02:06:25:571707][http-nio-8080-exec-7] WARN  p.T.M.c.CustomLoginSuccessHandler - ROLE NAMES : [ROLE_BUYER]
